Connecting to database specified by database.yml
  [1m[36m (0.1ms)[0m  [1mselect sqlite_version(*)[0m
  [1m[35m (111.8ms)[0m  CREATE TABLE "schema_migrations" ("version" varchar(255) NOT NULL) 
  [1m[36m (18.7ms)[0m  [1mCREATE UNIQUE INDEX "unique_schema_migrations" ON "schema_migrations" ("version")[0m
  [1m[35m (0.7ms)[0m  SELECT "schema_migrations"."version" FROM "schema_migrations" 
Migrating to CreateMovies (20111119180638)
  [1m[36m (0.1ms)[0m  [1mbegin transaction[0m
  [1m[35m (0.6ms)[0m  CREATE TABLE "movies" ("id" INTEGER PRIMARY KEY AUTOINCREMENT NOT NULL, "title" varchar(255), "rating" varchar(255), "description" text, "release_date" datetime, "created_at" datetime NOT NULL, "updated_at" datetime NOT NULL) 
  [1m[36m (0.4ms)[0m  [1mINSERT INTO "schema_migrations" ("version") VALUES ('20111119180638')[0m
  [1m[35m (22.1ms)[0m  commit transaction
  [1m[36m (0.1ms)[0m  [1mSELECT "schema_migrations"."version" FROM "schema_migrations" [0m
Connecting to database specified by database.yml
  [1m[36m (0.2ms)[0m  [1mSELECT "schema_migrations"."version" FROM "schema_migrations" [0m
  [1m[35m (0.1ms)[0m  begin transaction
  [1m[36mSQL (18.7ms)[0m  [1mINSERT INTO "movies" ("created_at", "description", "rating", "release_date", "title", "updated_at") VALUES (?, ?, ?, ?, ?, ?)[0m  [["created_at", Wed, 09 Oct 2013 05:57:41 UTC +00:00], ["description", nil], ["rating", "G"], ["release_date", Wed, 25 Nov 1992 00:00:00 UTC +00:00], ["title", "Aladdin"], ["updated_at", Wed, 09 Oct 2013 05:57:41 UTC +00:00]]
  [1m[35m (31.0ms)[0m  commit transaction
  [1m[36m (0.0ms)[0m  [1mbegin transaction[0m
  [1m[35mSQL (0.2ms)[0m  INSERT INTO "movies" ("created_at", "description", "rating", "release_date", "title", "updated_at") VALUES (?, ?, ?, ?, ?, ?)  [["created_at", Wed, 09 Oct 2013 05:57:41 UTC +00:00], ["description", nil], ["rating", "R"], ["release_date", Fri, 26 Oct 1984 00:00:00 UTC +00:00], ["title", "The Terminator"], ["updated_at", Wed, 09 Oct 2013 05:57:41 UTC +00:00]]
  [1m[36m (19.3ms)[0m  [1mcommit transaction[0m
  [1m[35m (0.0ms)[0m  begin transaction
  [1m[36mSQL (0.2ms)[0m  [1mINSERT INTO "movies" ("created_at", "description", "rating", "release_date", "title", "updated_at") VALUES (?, ?, ?, ?, ?, ?)[0m  [["created_at", Wed, 09 Oct 2013 05:57:41 UTC +00:00], ["description", nil], ["rating", "R"], ["release_date", Fri, 21 Jul 1989 00:00:00 UTC +00:00], ["title", "When Harry Met Sally"], ["updated_at", Wed, 09 Oct 2013 05:57:41 UTC +00:00]]
  [1m[35m (16.2ms)[0m  commit transaction
  [1m[36m (0.0ms)[0m  [1mbegin transaction[0m
  [1m[35mSQL (0.2ms)[0m  INSERT INTO "movies" ("created_at", "description", "rating", "release_date", "title", "updated_at") VALUES (?, ?, ?, ?, ?, ?)  [["created_at", Wed, 09 Oct 2013 05:57:41 UTC +00:00], ["description", nil], ["rating", "PG-13"], ["release_date", Wed, 10 Aug 2011 00:00:00 UTC +00:00], ["title", "The Help"], ["updated_at", Wed, 09 Oct 2013 05:57:41 UTC +00:00]]
  [1m[36m (16.8ms)[0m  [1mcommit transaction[0m
  [1m[35m (0.0ms)[0m  begin transaction
  [1m[36mSQL (0.2ms)[0m  [1mINSERT INTO "movies" ("created_at", "description", "rating", "release_date", "title", "updated_at") VALUES (?, ?, ?, ?, ?, ?)[0m  [["created_at", Wed, 09 Oct 2013 05:57:41 UTC +00:00], ["description", nil], ["rating", "PG-13"], ["release_date", Fri, 05 Jan 2001 00:00:00 UTC +00:00], ["title", "Chocolat"], ["updated_at", Wed, 09 Oct 2013 05:57:41 UTC +00:00]]
  [1m[35m (20.6ms)[0m  commit transaction
  [1m[36m (0.1ms)[0m  [1mbegin transaction[0m
  [1m[35mSQL (0.4ms)[0m  INSERT INTO "movies" ("created_at", "description", "rating", "release_date", "title", "updated_at") VALUES (?, ?, ?, ?, ?, ?)  [["created_at", Wed, 09 Oct 2013 05:57:41 UTC +00:00], ["description", nil], ["rating", "R"], ["release_date", Wed, 25 Apr 2001 00:00:00 UTC +00:00], ["title", "Amelie"], ["updated_at", Wed, 09 Oct 2013 05:57:41 UTC +00:00]]
  [1m[36m (19.7ms)[0m  [1mcommit transaction[0m
  [1m[35m (0.1ms)[0m  begin transaction
  [1m[36mSQL (0.8ms)[0m  [1mINSERT INTO "movies" ("created_at", "description", "rating", "release_date", "title", "updated_at") VALUES (?, ?, ?, ?, ?, ?)[0m  [["created_at", Wed, 09 Oct 2013 05:57:41 UTC +00:00], ["description", nil], ["rating", "G"], ["release_date", Sat, 06 Apr 1968 00:00:00 UTC +00:00], ["title", "2001: A Space Odyssey"], ["updated_at", Wed, 09 Oct 2013 05:57:41 UTC +00:00]]
  [1m[35m (18.4ms)[0m  commit transaction
  [1m[36m (0.1ms)[0m  [1mbegin transaction[0m
  [1m[35mSQL (0.4ms)[0m  INSERT INTO "movies" ("created_at", "description", "rating", "release_date", "title", "updated_at") VALUES (?, ?, ?, ?, ?, ?)  [["created_at", Wed, 09 Oct 2013 05:57:41 UTC +00:00], ["description", nil], ["rating", "PG"], ["release_date", Fri, 05 Nov 2004 00:00:00 UTC +00:00], ["title", "The Incredibles"], ["updated_at", Wed, 09 Oct 2013 05:57:41 UTC +00:00]]
  [1m[36m (19.5ms)[0m  [1mcommit transaction[0m
  [1m[35m (0.3ms)[0m  begin transaction
  [1m[36mSQL (0.6ms)[0m  [1mINSERT INTO "movies" ("created_at", "description", "rating", "release_date", "title", "updated_at") VALUES (?, ?, ?, ?, ?, ?)[0m  [["created_at", Wed, 09 Oct 2013 05:57:41 UTC +00:00], ["description", nil], ["rating", "PG"], ["release_date", Fri, 12 Jun 1981 00:00:00 UTC +00:00], ["title", "Raiders of the Lost Ark"], ["updated_at", Wed, 09 Oct 2013 05:57:41 UTC +00:00]]
  [1m[35m (17.8ms)[0m  commit transaction
  [1m[36m (0.0ms)[0m  [1mbegin transaction[0m
  [1m[35mSQL (0.3ms)[0m  INSERT INTO "movies" ("created_at", "description", "rating", "release_date", "title", "updated_at") VALUES (?, ?, ?, ?, ?, ?)  [["created_at", Wed, 09 Oct 2013 05:57:41 UTC +00:00], ["description", nil], ["rating", "G"], ["release_date", Wed, 21 Jun 2000 00:00:00 UTC +00:00], ["title", "Chicken Run"], ["updated_at", Wed, 09 Oct 2013 05:57:41 UTC +00:00]]
  [1m[36m (16.5ms)[0m  [1mcommit transaction[0m


Started GET "/assets/rails.png" for 127.0.0.1 at 2013-10-08 22:58:20 -0700
Connecting to database specified by database.yml
Served asset /rails.png - 200 OK (12ms)


Started GET "/movies" for 127.0.0.1 at 2013-10-08 22:58:34 -0700
Processing by MoviesController#index as HTML
  [1m[36mMovie Load (0.2ms)[0m  [1mSELECT "movies".* FROM "movies" [0m
  Rendered movies/index.html.haml within layouts/application (20.2ms)
Compiled application.css  (0ms)  (pid 7375)
Compiled jquery.js  (1ms)  (pid 7375)
Compiled jquery_ujs.js  (0ms)  (pid 7375)
Compiled application.js  (69ms)  (pid 7375)
Completed 200 OK in 195ms (Views: 186.7ms | ActiveRecord: 0.2ms)


Started GET "/assets/application.css?body=1" for 127.0.0.1 at 2013-10-08 22:58:34 -0700
Served asset /application.css - 200 OK (58ms)


Started GET "/assets/jquery_ujs.js?body=1" for 127.0.0.1 at 2013-10-08 22:58:34 -0700
Served asset /jquery_ujs.js - 200 OK (2ms)


Started GET "/assets/jquery.js?body=1" for 127.0.0.1 at 2013-10-08 22:58:34 -0700
Served asset /jquery.js - 200 OK (2ms)


Started GET "/assets/application.js?body=1" for 127.0.0.1 at 2013-10-08 22:58:34 -0700
Served asset /application.js - 200 OK (4ms)


Started GET "/assets/rails.png" for 127.0.0.1 at 2013-10-09 15:14:04 -0700
Connecting to database specified by database.yml
Served asset /rails.png - 304 Not Modified (34ms)


Started GET "/movies" for 127.0.0.1 at 2013-10-09 15:14:09 -0700
Processing by MoviesController#index as HTML
  [1m[36mMovie Load (0.4ms)[0m  [1mSELECT "movies".* FROM "movies" [0m
ERROR: compiling _app_views_movies_index_html_haml__796993424__618061308 RAISED /home/ubuntu/hw2_rottenpotatoes/app/views/movies/index.html.haml:7: syntax error, unexpected tCONSTANT, expecting keyword_do or '{' or '('
Function body:           def _app_views_movies_index_html_haml__796993424__618061308(local_assigns, output_buffer)
            _old_virtual_path, @virtual_path = @virtual_path, "movies/index";_old_output_buffer = @output_buffer;;begin;extend Haml::Helpers;_hamlout = @haml_buffer = Haml::Buffer.new(haml_buffer, {:autoclose=>["meta", "img", "link", "br", "hr", "input", "area", "param", "col", "base"], :preserve=>["textarea", "pre", "code"], :attr_wrapper=>"'", :ugly=>false, :format=>:html5, :encoding=>"UTF-8", :escape_html=>true, :escape_attrs=>true, :hyphenate_data_attrs=>true, :cdata=>false});_erbout = _hamlout.buffer;@output_buffer = output_buffer ||= ActionView::OutputBuffer.new rescue nil;;_hamlout.push_text("<h1>All Movies</h1>\n<table id='movies'>\n  <thead>\n    <tr>\n      <th>#{_hamlout.adjust_tabs(4); 





_hamlout.format_script_false_true_false_true_false_true_false((link_to 'Add new movie', Movie Title
));}</th>\n      <th>Rating</th>\n      <th>Release Date</th>\n      <th>More Info</th>\n    </tr>\n  </thead>\n  <tbody>\n", -1, false);



 @movies.each do |movie|
_hamlout.push_text("    <tr>\n      <td>#{_hamlout.adjust_tabs(2); 
_hamlout.format_script_false_true_false_true_false_true_false((movie.title
));}</td>\n      <td>#{_hamlout.adjust_tabs(1); _hamlout.format_script_false_true_false_true_false_true_false((movie.rating
));}</td>\n      <td>#{_hamlout.adjust_tabs(1); _hamlout.format_script_false_true_false_true_false_true_false((movie.release_date
));}</td>\n      <td>#{_hamlout.adjust_tabs(1); _hamlout.format_script_false_true_false_true_false_true_false((link_to "More about #{movie.title}", movie_path(movie)
));}</td>\n    </tr>\n", -1, false);end;_hamlout.push_text("  </tbody>\n</table>\n#{_hamlout.adjust_tabs(-2); 
_hamlout.format_script_false_false_false_true_false_true_false(( link_to 'Add new movie', new_movie_path
));}\n", 0, false);::Haml::Util.html_safe(_erbout);ensure;@haml_buffer = @haml_buffer.upper if @haml_buffer;end;
          ensure
            @virtual_path, @output_buffer = _old_virtual_path, _old_output_buffer
          end

Backtrace: /usr/local/lib/ruby/gems/1.9.1/gems/actionpack-3.2.14/lib/action_view/template.rb:297:in `module_eval'
/usr/local/lib/ruby/gems/1.9.1/gems/actionpack-3.2.14/lib/action_view/template.rb:297:in `compile'
/usr/local/lib/ruby/gems/1.9.1/gems/actionpack-3.2.14/lib/action_view/template.rb:244:in `block in compile!'
<internal:prelude>:10:in `synchronize'
/usr/local/lib/ruby/gems/1.9.1/gems/actionpack-3.2.14/lib/action_view/template.rb:232:in `compile!'
/usr/local/lib/ruby/gems/1.9.1/gems/actionpack-3.2.14/lib/action_view/template.rb:144:in `block in render'
/usr/local/lib/ruby/gems/1.9.1/gems/activesupport-3.2.14/lib/active_support/notifications.rb:125:in `instrument'
/usr/local/lib/ruby/gems/1.9.1/gems/actionpack-3.2.14/lib/action_view/template.rb:143:in `render'
/usr/local/lib/ruby/gems/1.9.1/gems/actionpack-3.2.14/lib/action_view/renderer/template_renderer.rb:48:in `block (2 levels) in render_template'
/usr/local/lib/ruby/gems/1.9.1/gems/actionpack-3.2.14/lib/action_view/renderer/abstract_renderer.rb:38:in `block in instrument'
/usr/local/lib/ruby/gems/1.9.1/gems/activesupport-3.2.14/lib/active_support/notifications.rb:123:in `block in instrument'
/usr/local/lib/ruby/gems/1.9.1/gems/activesupport-3.2.14/lib/active_support/notifications/instrumenter.rb:20:in `instrument'
/usr/local/lib/ruby/gems/1.9.1/gems/activesupport-3.2.14/lib/active_support/notifications.rb:123:in `instrument'
/usr/local/lib/ruby/gems/1.9.1/gems/actionpack-3.2.14/lib/action_view/renderer/abstract_renderer.rb:38:in `instrument'
/usr/local/lib/ruby/gems/1.9.1/gems/actionpack-3.2.14/lib/action_view/renderer/template_renderer.rb:47:in `block in render_template'
/usr/local/lib/ruby/gems/1.9.1/gems/actionpack-3.2.14/lib/action_view/renderer/template_renderer.rb:55:in `render_with_layout'
/usr/local/lib/ruby/gems/1.9.1/gems/actionpack-3.2.14/lib/action_view/renderer/template_renderer.rb:46:in `render_template'
/usr/local/lib/ruby/gems/1.9.1/gems/actionpack-3.2.14/lib/action_view/renderer/template_renderer.rb:19:in `render'
/usr/local/lib/ruby/gems/1.9.1/gems/actionpack-3.2.14/lib/action_view/renderer/renderer.rb:36:in `render_template'
/usr/local/lib/ruby/gems/1.9.1/gems/actionpack-3.2.14/lib/action_view/renderer/renderer.rb:17:in `render'
/usr/local/lib/ruby/gems/1.9.1/gems/actionpack-3.2.14/lib/abstract_controller/rendering.rb:110:in `_render_template'
/usr/local/lib/ruby/gems/1.9.1/gems/actionpack-3.2.14/lib/action_controller/metal/streaming.rb:225:in `_render_template'
/usr/local/lib/ruby/gems/1.9.1/gems/actionpack-3.2.14/lib/abstract_controller/rendering.rb:103:in `render_to_body'
/usr/local/lib/ruby/gems/1.9.1/gems/actionpack-3.2.14/lib/action_controller/metal/renderers.rb:28:in `render_to_body'
/usr/local/lib/ruby/gems/1.9.1/gems/actionpack-3.2.14/lib/action_controller/metal/compatibility.rb:50:in `render_to_body'
/usr/local/lib/ruby/gems/1.9.1/gems/actionpack-3.2.14/lib/abstract_controller/rendering.rb:88:in `render'
/usr/local/lib/ruby/gems/1.9.1/gems/actionpack-3.2.14/lib/action_controller/metal/rendering.rb:16:in `render'
/usr/local/lib/ruby/gems/1.9.1/gems/actionpack-3.2.14/lib/action_controller/metal/instrumentation.rb:40:in `block (2 levels) in render'
/usr/local/lib/ruby/gems/1.9.1/gems/activesupport-3.2.14/lib/active_support/core_ext/benchmark.rb:5:in `block in ms'
/usr/local/lib/ruby/1.9.1/benchmark.rb:310:in `realtime'
/usr/local/lib/ruby/gems/1.9.1/gems/activesupport-3.2.14/lib/active_support/core_ext/benchmark.rb:5:in `ms'
/usr/local/lib/ruby/gems/1.9.1/gems/actionpack-3.2.14/lib/action_controller/metal/instrumentation.rb:40:in `block in render'
/usr/local/lib/ruby/gems/1.9.1/gems/actionpack-3.2.14/lib/action_controller/metal/instrumentation.rb:83:in `cleanup_view_runtime'
/usr/local/lib/ruby/gems/1.9.1/gems/activerecord-3.2.14/lib/active_record/railties/controller_runtime.rb:24:in `cleanup_view_runtime'
/usr/local/lib/ruby/gems/1.9.1/gems/actionpack-3.2.14/lib/action_controller/metal/instrumentation.rb:39:in `render'
/usr/local/lib/ruby/gems/1.9.1/gems/actionpack-3.2.14/lib/action_controller/metal/implicit_render.rb:10:in `default_render'
/usr/local/lib/ruby/gems/1.9.1/gems/actionpack-3.2.14/lib/action_controller/metal/implicit_render.rb:5:in `send_action'
/usr/local/lib/ruby/gems/1.9.1/gems/actionpack-3.2.14/lib/abstract_controller/base.rb:167:in `process_action'
/usr/local/lib/ruby/gems/1.9.1/gems/actionpack-3.2.14/lib/action_controller/metal/rendering.rb:10:in `process_action'
/usr/local/lib/ruby/gems/1.9.1/gems/actionpack-3.2.14/lib/abstract_controller/callbacks.rb:18:in `block in process_action'
/usr/local/lib/ruby/gems/1.9.1/gems/activesupport-3.2.14/lib/active_support/callbacks.rb:414:in `_run__1838452__process_action__949708858__callbacks'
/usr/local/lib/ruby/gems/1.9.1/gems/activesupport-3.2.14/lib/active_support/callbacks.rb:405:in `__run_callback'
/usr/local/lib/ruby/gems/1.9.1/gems/activesupport-3.2.14/lib/active_support/callbacks.rb:385:in `_run_process_action_callbacks'
/usr/local/lib/ruby/gems/1.9.1/gems/activesupport-3.2.14/lib/active_support/callbacks.rb:81:in `run_callbacks'
/usr/local/lib/ruby/gems/1.9.1/gems/actionpack-3.2.14/lib/abstract_controller/callbacks.rb:17:in `process_action'
/usr/local/lib/ruby/gems/1.9.1/gems/actionpack-3.2.14/lib/action_controller/metal/rescue.rb:29:in `process_action'
/usr/local/lib/ruby/gems/1.9.1/gems/actionpack-3.2.14/lib/action_controller/metal/instrumentation.rb:30:in `block in process_action'
/usr/local/lib/ruby/gems/1.9.1/gems/activesupport-3.2.14/lib/active_support/notifications.rb:123:in `block in instrument'
/usr/local/lib/ruby/gems/1.9.1/gems/activesupport-3.2.14/lib/active_support/notifications/instrumenter.rb:20:in `instrument'
/usr/local/lib/ruby/gems/1.9.1/gems/activesupport-3.2.14/lib/active_support/notifications.rb:123:in `instrument'
/usr/local/lib/ruby/gems/1.9.1/gems/actionpack-3.2.14/lib/action_controller/metal/instrumentation.rb:29:in `process_action'
/usr/local/lib/ruby/gems/1.9.1/gems/actionpack-3.2.14/lib/action_controller/metal/params_wrapper.rb:207:in `process_action'
/usr/local/lib/ruby/gems/1.9.1/gems/activerecord-3.2.14/lib/active_record/railties/controller_runtime.rb:18:in `process_action'
/usr/local/lib/ruby/gems/1.9.1/gems/actionpack-3.2.14/lib/abstract_controller/base.rb:121:in `process'
/usr/local/lib/ruby/gems/1.9.1/gems/actionpack-3.2.14/lib/abstract_controller/rendering.rb:45:in `process'
/usr/local/lib/ruby/gems/1.9.1/gems/actionpack-3.2.14/lib/action_controller/metal.rb:203:in `dispatch'
/usr/local/lib/ruby/gems/1.9.1/gems/actionpack-3.2.14/lib/action_controller/metal/rack_delegation.rb:14:in `dispatch'
/usr/local/lib/ruby/gems/1.9.1/gems/actionpack-3.2.14/lib/action_controller/metal.rb:246:in `block in action'
/usr/local/lib/ruby/gems/1.9.1/gems/actionpack-3.2.14/lib/action_dispatch/routing/route_set.rb:73:in `call'
/usr/local/lib/ruby/gems/1.9.1/gems/actionpack-3.2.14/lib/action_dispatch/routing/route_set.rb:73:in `dispatch'
/usr/local/lib/ruby/gems/1.9.1/gems/actionpack-3.2.14/lib/action_dispatch/routing/route_set.rb:36:in `call'
/usr/local/lib/ruby/gems/1.9.1/gems/journey-1.0.4/lib/journey/router.rb:68:in `block in call'
/usr/local/lib/ruby/gems/1.9.1/gems/journey-1.0.4/lib/journey/router.rb:56:in `each'
/usr/local/lib/ruby/gems/1.9.1/gems/journey-1.0.4/lib/journey/router.rb:56:in `call'
/usr/local/lib/ruby/gems/1.9.1/gems/actionpack-3.2.14/lib/action_dispatch/routing/route_set.rb:608:in `call'
/usr/local/lib/ruby/gems/1.9.1/gems/actionpack-3.2.14/lib/action_dispatch/middleware/best_standards_support.rb:17:in `call'
/usr/local/lib/ruby/gems/1.9.1/gems/rack-1.4.5/lib/rack/etag.rb:23:in `call'
/usr/local/lib/ruby/gems/1.9.1/gems/rack-1.4.5/lib/rack/conditionalget.rb:25:in `call'
/usr/local/lib/ruby/gems/1.9.1/gems/actionpack-3.2.14/lib/action_dispatch/middleware/head.rb:14:in `call'
/usr/local/lib/ruby/gems/1.9.1/gems/actionpack-3.2.14/lib/action_dispatch/middleware/params_parser.rb:21:in `call'
/usr/local/lib/ruby/gems/1.9.1/gems/actionpack-3.2.14/lib/action_dispatch/middleware/flash.rb:242:in `call'
/usr/local/lib/ruby/gems/1.9.1/gems/rack-1.4.5/lib/rack/session/abstract/id.rb:210:in `context'
/usr/local/lib/ruby/gems/1.9.1/gems/rack-1.4.5/lib/rack/session/abstract/id.rb:205:in `call'
/usr/local/lib/ruby/gems/1.9.1/gems/actionpack-3.2.14/lib/action_dispatch/middleware/cookies.rb:341:in `call'
/usr/local/lib/ruby/gems/1.9.1/gems/activerecord-3.2.14/lib/active_record/query_cache.rb:64:in `call'
/usr/local/lib/ruby/gems/1.9.1/gems/activerecord-3.2.14/lib/active_record/connection_adapters/abstract/connection_pool.rb:479:in `call'
/usr/local/lib/ruby/gems/1.9.1/gems/actionpack-3.2.14/lib/action_dispatch/middleware/callbacks.rb:28:in `block in call'
/usr/local/lib/ruby/gems/1.9.1/gems/activesupport-3.2.14/lib/active_support/callbacks.rb:405:in `_run__171771968__call__1040577295__callbacks'
/usr/local/lib/ruby/gems/1.9.1/gems/activesupport-3.2.14/lib/active_support/callbacks.rb:405:in `__run_callback'
/usr/local/lib/ruby/gems/1.9.1/gems/activesupport-3.2.14/lib/active_support/callbacks.rb:385:in `_run_call_callbacks'
/usr/local/lib/ruby/gems/1.9.1/gems/activesupport-3.2.14/lib/active_support/callbacks.rb:81:in `run_callbacks'
/usr/local/lib/ruby/gems/1.9.1/gems/actionpack-3.2.14/lib/action_dispatch/middleware/callbacks.rb:27:in `call'
/usr/local/lib/ruby/gems/1.9.1/gems/actionpack-3.2.14/lib/action_dispatch/middleware/reloader.rb:65:in `call'
/usr/local/lib/ruby/gems/1.9.1/gems/actionpack-3.2.14/lib/action_dispatch/middleware/remote_ip.rb:31:in `call'
/usr/local/lib/ruby/gems/1.9.1/gems/actionpack-3.2.14/lib/action_dispatch/middleware/debug_exceptions.rb:16:in `call'
/usr/local/lib/ruby/gems/1.9.1/gems/actionpack-3.2.14/lib/action_dispatch/middleware/show_exceptions.rb:56:in `call'
/usr/local/lib/ruby/gems/1.9.1/gems/railties-3.2.14/lib/rails/rack/logger.rb:32:in `call_app'
/usr/local/lib/ruby/gems/1.9.1/gems/railties-3.2.14/lib/rails/rack/logger.rb:16:in `block in call'
/usr/local/lib/ruby/gems/1.9.1/gems/activesupport-3.2.14/lib/active_support/tagged_logging.rb:22:in `tagged'
/usr/local/lib/ruby/gems/1.9.1/gems/railties-3.2.14/lib/rails/rack/logger.rb:16:in `call'
/usr/local/lib/ruby/gems/1.9.1/gems/actionpack-3.2.14/lib/action_dispatch/middleware/request_id.rb:22:in `call'
/usr/local/lib/ruby/gems/1.9.1/gems/rack-1.4.5/lib/rack/methodoverride.rb:21:in `call'
/usr/local/lib/ruby/gems/1.9.1/gems/rack-1.4.5/lib/rack/runtime.rb:17:in `call'
/usr/local/lib/ruby/gems/1.9.1/gems/activesupport-3.2.14/lib/active_support/cache/strategy/local_cache.rb:72:in `call'
/usr/local/lib/ruby/gems/1.9.1/gems/rack-1.4.5/lib/rack/lock.rb:15:in `call'
/usr/local/lib/ruby/gems/1.9.1/gems/actionpack-3.2.14/lib/action_dispatch/middleware/static.rb:63:in `call'
/usr/local/lib/ruby/gems/1.9.1/gems/railties-3.2.14/lib/rails/engine.rb:484:in `call'
/usr/local/lib/ruby/gems/1.9.1/gems/railties-3.2.14/lib/rails/application.rb:231:in `call'
/usr/local/lib/ruby/gems/1.9.1/gems/rack-1.4.5/lib/rack/content_length.rb:14:in `call'
/usr/local/lib/ruby/gems/1.9.1/gems/railties-3.2.14/lib/rails/rack/log_tailer.rb:17:in `call'
/usr/local/lib/ruby/gems/1.9.1/gems/rack-1.4.5/lib/rack/handler/webrick.rb:59:in `service'
/usr/local/lib/ruby/1.9.1/webrick/httpserver.rb:111:in `service'
/usr/local/lib/ruby/1.9.1/webrick/httpserver.rb:70:in `run'
/usr/local/lib/ruby/1.9.1/webrick/server.rb:183:in `block in start_thread'
  Rendered movies/index.html.haml within layouts/application (76.5ms)
Completed 500 Internal Server Error in 227ms

ActionView::Template::Error (/home/ubuntu/hw2_rottenpotatoes/app/views/movies/index.html.haml:7: syntax error, unexpected tCONSTANT, expecting keyword_do or '{' or '('):
    4: %table#movies
    5:   %thead
    6:     %tr
    7:       %th= link_to 'Add new movie', Movie Title
    8:       %th Rating
    9:       %th Release Date
    10:       %th More Info
  actionpack (3.2.14) lib/action_view/template.rb:297:in `module_eval'
  actionpack (3.2.14) lib/action_view/template.rb:297:in `compile'
  actionpack (3.2.14) lib/action_view/template.rb:244:in `block in compile!'
  <internal:prelude>:10:in `synchronize'
  actionpack (3.2.14) lib/action_view/template.rb:232:in `compile!'
  actionpack (3.2.14) lib/action_view/template.rb:144:in `block in render'
  activesupport (3.2.14) lib/active_support/notifications.rb:125:in `instrument'
  actionpack (3.2.14) lib/action_view/template.rb:143:in `render'
  actionpack (3.2.14) lib/action_view/renderer/template_renderer.rb:48:in `block (2 levels) in render_template'
  actionpack (3.2.14) lib/action_view/renderer/abstract_renderer.rb:38:in `block in instrument'
  activesupport (3.2.14) lib/active_support/notifications.rb:123:in `block in instrument'
  activesupport (3.2.14) lib/active_support/notifications/instrumenter.rb:20:in `instrument'
  activesupport (3.2.14) lib/active_support/notifications.rb:123:in `instrument'
  actionpack (3.2.14) lib/action_view/renderer/abstract_renderer.rb:38:in `instrument'
  actionpack (3.2.14) lib/action_view/renderer/template_renderer.rb:47:in `block in render_template'
  actionpack (3.2.14) lib/action_view/renderer/template_renderer.rb:55:in `render_with_layout'
  actionpack (3.2.14) lib/action_view/renderer/template_renderer.rb:46:in `render_template'
  actionpack (3.2.14) lib/action_view/renderer/template_renderer.rb:19:in `render'
  actionpack (3.2.14) lib/action_view/renderer/renderer.rb:36:in `render_template'
  actionpack (3.2.14) lib/action_view/renderer/renderer.rb:17:in `render'
  actionpack (3.2.14) lib/abstract_controller/rendering.rb:110:in `_render_template'
  actionpack (3.2.14) lib/action_controller/metal/streaming.rb:225:in `_render_template'
  actionpack (3.2.14) lib/abstract_controller/rendering.rb:103:in `render_to_body'
  actionpack (3.2.14) lib/action_controller/metal/renderers.rb:28:in `render_to_body'
  actionpack (3.2.14) lib/action_controller/metal/compatibility.rb:50:in `render_to_body'
  actionpack (3.2.14) lib/abstract_controller/rendering.rb:88:in `render'
  actionpack (3.2.14) lib/action_controller/metal/rendering.rb:16:in `render'
  actionpack (3.2.14) lib/action_controller/metal/instrumentation.rb:40:in `block (2 levels) in render'
  activesupport (3.2.14) lib/active_support/core_ext/benchmark.rb:5:in `block in ms'
  /usr/local/lib/ruby/1.9.1/benchmark.rb:310:in `realtime'
  activesupport (3.2.14) lib/active_support/core_ext/benchmark.rb:5:in `ms'
  actionpack (3.2.14) lib/action_controller/metal/instrumentation.rb:40:in `block in render'
  actionpack (3.2.14) lib/action_controller/metal/instrumentation.rb:83:in `cleanup_view_runtime'
  activerecord (3.2.14) lib/active_record/railties/controller_runtime.rb:24:in `cleanup_view_runtime'
  actionpack (3.2.14) lib/action_controller/metal/instrumentation.rb:39:in `render'
  actionpack (3.2.14) lib/action_controller/metal/implicit_render.rb:10:in `default_render'
  actionpack (3.2.14) lib/action_controller/metal/implicit_render.rb:5:in `send_action'
  actionpack (3.2.14) lib/abstract_controller/base.rb:167:in `process_action'
  actionpack (3.2.14) lib/action_controller/metal/rendering.rb:10:in `process_action'
  actionpack (3.2.14) lib/abstract_controller/callbacks.rb:18:in `block in process_action'
  activesupport (3.2.14) lib/active_support/callbacks.rb:414:in `_run__1838452__process_action__949708858__callbacks'
  activesupport (3.2.14) lib/active_support/callbacks.rb:405:in `__run_callback'
  activesupport (3.2.14) lib/active_support/callbacks.rb:385:in `_run_process_action_callbacks'
  activesupport (3.2.14) lib/active_support/callbacks.rb:81:in `run_callbacks'
  actionpack (3.2.14) lib/abstract_controller/callbacks.rb:17:in `process_action'
  actionpack (3.2.14) lib/action_controller/metal/rescue.rb:29:in `process_action'
  actionpack (3.2.14) lib/action_controller/metal/instrumentation.rb:30:in `block in process_action'
  activesupport (3.2.14) lib/active_support/notifications.rb:123:in `block in instrument'
  activesupport (3.2.14) lib/active_support/notifications/instrumenter.rb:20:in `instrument'
  activesupport (3.2.14) lib/active_support/notifications.rb:123:in `instrument'
  actionpack (3.2.14) lib/action_controller/metal/instrumentation.rb:29:in `process_action'
  actionpack (3.2.14) lib/action_controller/metal/params_wrapper.rb:207:in `process_action'
  activerecord (3.2.14) lib/active_record/railties/controller_runtime.rb:18:in `process_action'
  actionpack (3.2.14) lib/abstract_controller/base.rb:121:in `process'
  actionpack (3.2.14) lib/abstract_controller/rendering.rb:45:in `process'
  actionpack (3.2.14) lib/action_controller/metal.rb:203:in `dispatch'
  actionpack (3.2.14) lib/action_controller/metal/rack_delegation.rb:14:in `dispatch'
  actionpack (3.2.14) lib/action_controller/metal.rb:246:in `block in action'
  actionpack (3.2.14) lib/action_dispatch/routing/route_set.rb:73:in `call'
  actionpack (3.2.14) lib/action_dispatch/routing/route_set.rb:73:in `dispatch'
  actionpack (3.2.14) lib/action_dispatch/routing/route_set.rb:36:in `call'
  journey (1.0.4) lib/journey/router.rb:68:in `block in call'
  journey (1.0.4) lib/journey/router.rb:56:in `each'
  journey (1.0.4) lib/journey/router.rb:56:in `call'
  actionpack (3.2.14) lib/action_dispatch/routing/route_set.rb:608:in `call'
  actionpack (3.2.14) lib/action_dispatch/middleware/best_standards_support.rb:17:in `call'
  rack (1.4.5) lib/rack/etag.rb:23:in `call'
  rack (1.4.5) lib/rack/conditionalget.rb:25:in `call'
  actionpack (3.2.14) lib/action_dispatch/middleware/head.rb:14:in `call'
  actionpack (3.2.14) lib/action_dispatch/middleware/params_parser.rb:21:in `call'
  actionpack (3.2.14) lib/action_dispatch/middleware/flash.rb:242:in `call'
  rack (1.4.5) lib/rack/session/abstract/id.rb:210:in `context'
  rack (1.4.5) lib/rack/session/abstract/id.rb:205:in `call'
  actionpack (3.2.14) lib/action_dispatch/middleware/cookies.rb:341:in `call'
  activerecord (3.2.14) lib/active_record/query_cache.rb:64:in `call'
  activerecord (3.2.14) lib/active_record/connection_adapters/abstract/connection_pool.rb:479:in `call'
  actionpack (3.2.14) lib/action_dispatch/middleware/callbacks.rb:28:in `block in call'
  activesupport (3.2.14) lib/active_support/callbacks.rb:405:in `_run__171771968__call__1040577295__callbacks'
  activesupport (3.2.14) lib/active_support/callbacks.rb:405:in `__run_callback'
  activesupport (3.2.14) lib/active_support/callbacks.rb:385:in `_run_call_callbacks'
  activesupport (3.2.14) lib/active_support/callbacks.rb:81:in `run_callbacks'
  actionpack (3.2.14) lib/action_dispatch/middleware/callbacks.rb:27:in `call'
  actionpack (3.2.14) lib/action_dispatch/middleware/reloader.rb:65:in `call'
  actionpack (3.2.14) lib/action_dispatch/middleware/remote_ip.rb:31:in `call'
  actionpack (3.2.14) lib/action_dispatch/middleware/debug_exceptions.rb:16:in `call'
  actionpack (3.2.14) lib/action_dispatch/middleware/show_exceptions.rb:56:in `call'
  railties (3.2.14) lib/rails/rack/logger.rb:32:in `call_app'
  railties (3.2.14) lib/rails/rack/logger.rb:16:in `block in call'
  activesupport (3.2.14) lib/active_support/tagged_logging.rb:22:in `tagged'
  railties (3.2.14) lib/rails/rack/logger.rb:16:in `call'
  actionpack (3.2.14) lib/action_dispatch/middleware/request_id.rb:22:in `call'
  rack (1.4.5) lib/rack/methodoverride.rb:21:in `call'
  rack (1.4.5) lib/rack/runtime.rb:17:in `call'
  activesupport (3.2.14) lib/active_support/cache/strategy/local_cache.rb:72:in `call'
  rack (1.4.5) lib/rack/lock.rb:15:in `call'
  actionpack (3.2.14) lib/action_dispatch/middleware/static.rb:63:in `call'
  railties (3.2.14) lib/rails/engine.rb:484:in `call'
  railties (3.2.14) lib/rails/application.rb:231:in `call'
  rack (1.4.5) lib/rack/content_length.rb:14:in `call'
  railties (3.2.14) lib/rails/rack/log_tailer.rb:17:in `call'
  rack (1.4.5) lib/rack/handler/webrick.rb:59:in `service'
  /usr/local/lib/ruby/1.9.1/webrick/httpserver.rb:111:in `service'
  /usr/local/lib/ruby/1.9.1/webrick/httpserver.rb:70:in `run'
  /usr/local/lib/ruby/1.9.1/webrick/server.rb:183:in `block in start_thread'


  Rendered /usr/local/lib/ruby/gems/1.9.1/gems/actionpack-3.2.14/lib/action_dispatch/middleware/templates/rescues/_trace.erb (45.1ms)
  Rendered /usr/local/lib/ruby/gems/1.9.1/gems/actionpack-3.2.14/lib/action_dispatch/middleware/templates/rescues/_request_and_response.erb (0.7ms)
  Rendered /usr/local/lib/ruby/gems/1.9.1/gems/actionpack-3.2.14/lib/action_dispatch/middleware/templates/rescues/template_error.erb within rescues/layout (91.6ms)


Started GET "/movies" for 127.0.0.1 at 2013-10-09 15:15:01 -0700
Processing by MoviesController#index as HTML
  [1m[35mMovie Load (0.3ms)[0m  SELECT "movies".* FROM "movies" 
ERROR: compiling _app_views_movies_index_html_haml__796993424__620721618 RAISED /home/ubuntu/hw2_rottenpotatoes/app/views/movies/index.html.haml:7: syntax error, unexpected tCONSTANT, expecting keyword_do or '{' or '('
Function body:           def _app_views_movies_index_html_haml__796993424__620721618(local_assigns, output_buffer)
            _old_virtual_path, @virtual_path = @virtual_path, "movies/index";_old_output_buffer = @output_buffer;;begin;extend Haml::Helpers;_hamlout = @haml_buffer = Haml::Buffer.new(haml_buffer, {:autoclose=>["meta", "img", "link", "br", "hr", "input", "area", "param", "col", "base"], :preserve=>["textarea", "pre", "code"], :attr_wrapper=>"'", :ugly=>false, :format=>:html5, :encoding=>"UTF-8", :escape_html=>true, :escape_attrs=>true, :hyphenate_data_attrs=>true, :cdata=>false});_erbout = _hamlout.buffer;@output_buffer = output_buffer ||= ActionView::OutputBuffer.new rescue nil;;_hamlout.push_text("<h1>All Movies</h1>\n<table id='movies'>\n  <thead>\n    <tr>\n      <th>#{_hamlout.adjust_tabs(4); 





_hamlout.format_script_false_true_false_true_false_true_false((link_to "Add new movie", Movie Title
));}</th>\n      <th>Rating</th>\n      <th>Release Date</th>\n      <th>More Info</th>\n    </tr>\n  </thead>\n  <tbody>\n", -1, false);



 @movies.each do |movie|
_hamlout.push_text("    <tr>\n      <td>#{_hamlout.adjust_tabs(2); 
_hamlout.format_script_false_true_false_true_false_true_false((movie.title
));}</td>\n      <td>#{_hamlout.adjust_tabs(1); _hamlout.format_script_false_true_false_true_false_true_false((movie.rating
));}</td>\n      <td>#{_hamlout.adjust_tabs(1); _hamlout.format_script_false_true_false_true_false_true_false((movie.release_date
));}</td>\n      <td>#{_hamlout.adjust_tabs(1); _hamlout.format_script_false_true_false_true_false_true_false((link_to "More about #{movie.title}", movie_path(movie)
));}</td>\n    </tr>\n", -1, false);end;_hamlout.push_text("  </tbody>\n</table>\n#{_hamlout.adjust_tabs(-2); 
_hamlout.format_script_false_false_false_true_false_true_false(( link_to 'Add new movie', new_movie_path
));}\n", 0, false);::Haml::Util.html_safe(_erbout);ensure;@haml_buffer = @haml_buffer.upper if @haml_buffer;end;
          ensure
            @virtual_path, @output_buffer = _old_virtual_path, _old_output_buffer
          end

Backtrace: /usr/local/lib/ruby/gems/1.9.1/gems/actionpack-3.2.14/lib/action_view/template.rb:297:in `module_eval'
/usr/local/lib/ruby/gems/1.9.1/gems/actionpack-3.2.14/lib/action_view/template.rb:297:in `compile'
/usr/local/lib/ruby/gems/1.9.1/gems/actionpack-3.2.14/lib/action_view/template.rb:244:in `block in compile!'
<internal:prelude>:10:in `synchronize'
/usr/local/lib/ruby/gems/1.9.1/gems/actionpack-3.2.14/lib/action_view/template.rb:232:in `compile!'
/usr/local/lib/ruby/gems/1.9.1/gems/actionpack-3.2.14/lib/action_view/template.rb:144:in `block in render'
/usr/local/lib/ruby/gems/1.9.1/gems/activesupport-3.2.14/lib/active_support/notifications.rb:125:in `instrument'
/usr/local/lib/ruby/gems/1.9.1/gems/actionpack-3.2.14/lib/action_view/template.rb:143:in `render'
/usr/local/lib/ruby/gems/1.9.1/gems/actionpack-3.2.14/lib/action_view/renderer/template_renderer.rb:48:in `block (2 levels) in render_template'
/usr/local/lib/ruby/gems/1.9.1/gems/actionpack-3.2.14/lib/action_view/renderer/abstract_renderer.rb:38:in `block in instrument'
/usr/local/lib/ruby/gems/1.9.1/gems/activesupport-3.2.14/lib/active_support/notifications.rb:123:in `block in instrument'
/usr/local/lib/ruby/gems/1.9.1/gems/activesupport-3.2.14/lib/active_support/notifications/instrumenter.rb:20:in `instrument'
/usr/local/lib/ruby/gems/1.9.1/gems/activesupport-3.2.14/lib/active_support/notifications.rb:123:in `instrument'
/usr/local/lib/ruby/gems/1.9.1/gems/actionpack-3.2.14/lib/action_view/renderer/abstract_renderer.rb:38:in `instrument'
/usr/local/lib/ruby/gems/1.9.1/gems/actionpack-3.2.14/lib/action_view/renderer/template_renderer.rb:47:in `block in render_template'
/usr/local/lib/ruby/gems/1.9.1/gems/actionpack-3.2.14/lib/action_view/renderer/template_renderer.rb:55:in `render_with_layout'
/usr/local/lib/ruby/gems/1.9.1/gems/actionpack-3.2.14/lib/action_view/renderer/template_renderer.rb:46:in `render_template'
/usr/local/lib/ruby/gems/1.9.1/gems/actionpack-3.2.14/lib/action_view/renderer/template_renderer.rb:19:in `render'
/usr/local/lib/ruby/gems/1.9.1/gems/actionpack-3.2.14/lib/action_view/renderer/renderer.rb:36:in `render_template'
/usr/local/lib/ruby/gems/1.9.1/gems/actionpack-3.2.14/lib/action_view/renderer/renderer.rb:17:in `render'
/usr/local/lib/ruby/gems/1.9.1/gems/actionpack-3.2.14/lib/abstract_controller/rendering.rb:110:in `_render_template'
/usr/local/lib/ruby/gems/1.9.1/gems/actionpack-3.2.14/lib/action_controller/metal/streaming.rb:225:in `_render_template'
/usr/local/lib/ruby/gems/1.9.1/gems/actionpack-3.2.14/lib/abstract_controller/rendering.rb:103:in `render_to_body'
/usr/local/lib/ruby/gems/1.9.1/gems/actionpack-3.2.14/lib/action_controller/metal/renderers.rb:28:in `render_to_body'
/usr/local/lib/ruby/gems/1.9.1/gems/actionpack-3.2.14/lib/action_controller/metal/compatibility.rb:50:in `render_to_body'
/usr/local/lib/ruby/gems/1.9.1/gems/actionpack-3.2.14/lib/abstract_controller/rendering.rb:88:in `render'
/usr/local/lib/ruby/gems/1.9.1/gems/actionpack-3.2.14/lib/action_controller/metal/rendering.rb:16:in `render'
/usr/local/lib/ruby/gems/1.9.1/gems/actionpack-3.2.14/lib/action_controller/metal/instrumentation.rb:40:in `block (2 levels) in render'
/usr/local/lib/ruby/gems/1.9.1/gems/activesupport-3.2.14/lib/active_support/core_ext/benchmark.rb:5:in `block in ms'
/usr/local/lib/ruby/1.9.1/benchmark.rb:310:in `realtime'
/usr/local/lib/ruby/gems/1.9.1/gems/activesupport-3.2.14/lib/active_support/core_ext/benchmark.rb:5:in `ms'
/usr/local/lib/ruby/gems/1.9.1/gems/actionpack-3.2.14/lib/action_controller/metal/instrumentation.rb:40:in `block in render'
/usr/local/lib/ruby/gems/1.9.1/gems/actionpack-3.2.14/lib/action_controller/metal/instrumentation.rb:83:in `cleanup_view_runtime'
/usr/local/lib/ruby/gems/1.9.1/gems/activerecord-3.2.14/lib/active_record/railties/controller_runtime.rb:24:in `cleanup_view_runtime'
/usr/local/lib/ruby/gems/1.9.1/gems/actionpack-3.2.14/lib/action_controller/metal/instrumentation.rb:39:in `render'
/usr/local/lib/ruby/gems/1.9.1/gems/actionpack-3.2.14/lib/action_controller/metal/implicit_render.rb:10:in `default_render'
/usr/local/lib/ruby/gems/1.9.1/gems/actionpack-3.2.14/lib/action_controller/metal/implicit_render.rb:5:in `send_action'
/usr/local/lib/ruby/gems/1.9.1/gems/actionpack-3.2.14/lib/abstract_controller/base.rb:167:in `process_action'
/usr/local/lib/ruby/gems/1.9.1/gems/actionpack-3.2.14/lib/action_controller/metal/rendering.rb:10:in `process_action'
/usr/local/lib/ruby/gems/1.9.1/gems/actionpack-3.2.14/lib/abstract_controller/callbacks.rb:18:in `block in process_action'
/usr/local/lib/ruby/gems/1.9.1/gems/activesupport-3.2.14/lib/active_support/callbacks.rb:414:in `_run__1838452__process_action__949708858__callbacks'
/usr/local/lib/ruby/gems/1.9.1/gems/activesupport-3.2.14/lib/active_support/callbacks.rb:405:in `__run_callback'
/usr/local/lib/ruby/gems/1.9.1/gems/activesupport-3.2.14/lib/active_support/callbacks.rb:385:in `_run_process_action_callbacks'
/usr/local/lib/ruby/gems/1.9.1/gems/activesupport-3.2.14/lib/active_support/callbacks.rb:81:in `run_callbacks'
/usr/local/lib/ruby/gems/1.9.1/gems/actionpack-3.2.14/lib/abstract_controller/callbacks.rb:17:in `process_action'
/usr/local/lib/ruby/gems/1.9.1/gems/actionpack-3.2.14/lib/action_controller/metal/rescue.rb:29:in `process_action'
/usr/local/lib/ruby/gems/1.9.1/gems/actionpack-3.2.14/lib/action_controller/metal/instrumentation.rb:30:in `block in process_action'
/usr/local/lib/ruby/gems/1.9.1/gems/activesupport-3.2.14/lib/active_support/notifications.rb:123:in `block in instrument'
/usr/local/lib/ruby/gems/1.9.1/gems/activesupport-3.2.14/lib/active_support/notifications/instrumenter.rb:20:in `instrument'
/usr/local/lib/ruby/gems/1.9.1/gems/activesupport-3.2.14/lib/active_support/notifications.rb:123:in `instrument'
/usr/local/lib/ruby/gems/1.9.1/gems/actionpack-3.2.14/lib/action_controller/metal/instrumentation.rb:29:in `process_action'
/usr/local/lib/ruby/gems/1.9.1/gems/actionpack-3.2.14/lib/action_controller/metal/params_wrapper.rb:207:in `process_action'
/usr/local/lib/ruby/gems/1.9.1/gems/activerecord-3.2.14/lib/active_record/railties/controller_runtime.rb:18:in `process_action'
/usr/local/lib/ruby/gems/1.9.1/gems/actionpack-3.2.14/lib/abstract_controller/base.rb:121:in `process'
/usr/local/lib/ruby/gems/1.9.1/gems/actionpack-3.2.14/lib/abstract_controller/rendering.rb:45:in `process'
/usr/local/lib/ruby/gems/1.9.1/gems/actionpack-3.2.14/lib/action_controller/metal.rb:203:in `dispatch'
/usr/local/lib/ruby/gems/1.9.1/gems/actionpack-3.2.14/lib/action_controller/metal/rack_delegation.rb:14:in `dispatch'
/usr/local/lib/ruby/gems/1.9.1/gems/actionpack-3.2.14/lib/action_controller/metal.rb:246:in `block in action'
/usr/local/lib/ruby/gems/1.9.1/gems/actionpack-3.2.14/lib/action_dispatch/routing/route_set.rb:73:in `call'
/usr/local/lib/ruby/gems/1.9.1/gems/actionpack-3.2.14/lib/action_dispatch/routing/route_set.rb:73:in `dispatch'
/usr/local/lib/ruby/gems/1.9.1/gems/actionpack-3.2.14/lib/action_dispatch/routing/route_set.rb:36:in `call'
/usr/local/lib/ruby/gems/1.9.1/gems/journey-1.0.4/lib/journey/router.rb:68:in `block in call'
/usr/local/lib/ruby/gems/1.9.1/gems/journey-1.0.4/lib/journey/router.rb:56:in `each'
/usr/local/lib/ruby/gems/1.9.1/gems/journey-1.0.4/lib/journey/router.rb:56:in `call'
/usr/local/lib/ruby/gems/1.9.1/gems/actionpack-3.2.14/lib/action_dispatch/routing/route_set.rb:608:in `call'
/usr/local/lib/ruby/gems/1.9.1/gems/actionpack-3.2.14/lib/action_dispatch/middleware/best_standards_support.rb:17:in `call'
/usr/local/lib/ruby/gems/1.9.1/gems/rack-1.4.5/lib/rack/etag.rb:23:in `call'
/usr/local/lib/ruby/gems/1.9.1/gems/rack-1.4.5/lib/rack/conditionalget.rb:25:in `call'
/usr/local/lib/ruby/gems/1.9.1/gems/actionpack-3.2.14/lib/action_dispatch/middleware/head.rb:14:in `call'
/usr/local/lib/ruby/gems/1.9.1/gems/actionpack-3.2.14/lib/action_dispatch/middleware/params_parser.rb:21:in `call'
/usr/local/lib/ruby/gems/1.9.1/gems/actionpack-3.2.14/lib/action_dispatch/middleware/flash.rb:242:in `call'
/usr/local/lib/ruby/gems/1.9.1/gems/rack-1.4.5/lib/rack/session/abstract/id.rb:210:in `context'
/usr/local/lib/ruby/gems/1.9.1/gems/rack-1.4.5/lib/rack/session/abstract/id.rb:205:in `call'
/usr/local/lib/ruby/gems/1.9.1/gems/actionpack-3.2.14/lib/action_dispatch/middleware/cookies.rb:341:in `call'
/usr/local/lib/ruby/gems/1.9.1/gems/activerecord-3.2.14/lib/active_record/query_cache.rb:64:in `call'
/usr/local/lib/ruby/gems/1.9.1/gems/activerecord-3.2.14/lib/active_record/connection_adapters/abstract/connection_pool.rb:479:in `call'
/usr/local/lib/ruby/gems/1.9.1/gems/actionpack-3.2.14/lib/action_dispatch/middleware/callbacks.rb:28:in `block in call'
/usr/local/lib/ruby/gems/1.9.1/gems/activesupport-3.2.14/lib/active_support/callbacks.rb:405:in `_run__171771968__call__1040577295__callbacks'
/usr/local/lib/ruby/gems/1.9.1/gems/activesupport-3.2.14/lib/active_support/callbacks.rb:405:in `__run_callback'
/usr/local/lib/ruby/gems/1.9.1/gems/activesupport-3.2.14/lib/active_support/callbacks.rb:385:in `_run_call_callbacks'
/usr/local/lib/ruby/gems/1.9.1/gems/activesupport-3.2.14/lib/active_support/callbacks.rb:81:in `run_callbacks'
/usr/local/lib/ruby/gems/1.9.1/gems/actionpack-3.2.14/lib/action_dispatch/middleware/callbacks.rb:27:in `call'
/usr/local/lib/ruby/gems/1.9.1/gems/actionpack-3.2.14/lib/action_dispatch/middleware/reloader.rb:65:in `call'
/usr/local/lib/ruby/gems/1.9.1/gems/actionpack-3.2.14/lib/action_dispatch/middleware/remote_ip.rb:31:in `call'
/usr/local/lib/ruby/gems/1.9.1/gems/actionpack-3.2.14/lib/action_dispatch/middleware/debug_exceptions.rb:16:in `call'
/usr/local/lib/ruby/gems/1.9.1/gems/actionpack-3.2.14/lib/action_dispatch/middleware/show_exceptions.rb:56:in `call'
/usr/local/lib/ruby/gems/1.9.1/gems/railties-3.2.14/lib/rails/rack/logger.rb:32:in `call_app'
/usr/local/lib/ruby/gems/1.9.1/gems/railties-3.2.14/lib/rails/rack/logger.rb:16:in `block in call'
/usr/local/lib/ruby/gems/1.9.1/gems/activesupport-3.2.14/lib/active_support/tagged_logging.rb:22:in `tagged'
/usr/local/lib/ruby/gems/1.9.1/gems/railties-3.2.14/lib/rails/rack/logger.rb:16:in `call'
/usr/local/lib/ruby/gems/1.9.1/gems/actionpack-3.2.14/lib/action_dispatch/middleware/request_id.rb:22:in `call'
/usr/local/lib/ruby/gems/1.9.1/gems/rack-1.4.5/lib/rack/methodoverride.rb:21:in `call'
/usr/local/lib/ruby/gems/1.9.1/gems/rack-1.4.5/lib/rack/runtime.rb:17:in `call'
/usr/local/lib/ruby/gems/1.9.1/gems/activesupport-3.2.14/lib/active_support/cache/strategy/local_cache.rb:72:in `call'
/usr/local/lib/ruby/gems/1.9.1/gems/rack-1.4.5/lib/rack/lock.rb:15:in `call'
/usr/local/lib/ruby/gems/1.9.1/gems/actionpack-3.2.14/lib/action_dispatch/middleware/static.rb:63:in `call'
/usr/local/lib/ruby/gems/1.9.1/gems/railties-3.2.14/lib/rails/engine.rb:484:in `call'
/usr/local/lib/ruby/gems/1.9.1/gems/railties-3.2.14/lib/rails/application.rb:231:in `call'
/usr/local/lib/ruby/gems/1.9.1/gems/rack-1.4.5/lib/rack/content_length.rb:14:in `call'
/usr/local/lib/ruby/gems/1.9.1/gems/railties-3.2.14/lib/rails/rack/log_tailer.rb:17:in `call'
/usr/local/lib/ruby/gems/1.9.1/gems/rack-1.4.5/lib/rack/handler/webrick.rb:59:in `service'
/usr/local/lib/ruby/1.9.1/webrick/httpserver.rb:111:in `service'
/usr/local/lib/ruby/1.9.1/webrick/httpserver.rb:70:in `run'
/usr/local/lib/ruby/1.9.1/webrick/server.rb:183:in `block in start_thread'
  Rendered movies/index.html.haml within layouts/application (5.5ms)
Completed 500 Internal Server Error in 20ms

ActionView::Template::Error (/home/ubuntu/hw2_rottenpotatoes/app/views/movies/index.html.haml:7: syntax error, unexpected tCONSTANT, expecting keyword_do or '{' or '('):
    4: %table#movies
    5:   %thead
    6:     %tr
    7:       %th= link_to "Add new movie", Movie Title
    8:       %th Rating
    9:       %th Release Date
    10:       %th More Info
  actionpack (3.2.14) lib/action_view/template.rb:297:in `module_eval'
  actionpack (3.2.14) lib/action_view/template.rb:297:in `compile'
  actionpack (3.2.14) lib/action_view/template.rb:244:in `block in compile!'
  <internal:prelude>:10:in `synchronize'
  actionpack (3.2.14) lib/action_view/template.rb:232:in `compile!'
  actionpack (3.2.14) lib/action_view/template.rb:144:in `block in render'
  activesupport (3.2.14) lib/active_support/notifications.rb:125:in `instrument'
  actionpack (3.2.14) lib/action_view/template.rb:143:in `render'
  actionpack (3.2.14) lib/action_view/renderer/template_renderer.rb:48:in `block (2 levels) in render_template'
  actionpack (3.2.14) lib/action_view/renderer/abstract_renderer.rb:38:in `block in instrument'
  activesupport (3.2.14) lib/active_support/notifications.rb:123:in `block in instrument'
  activesupport (3.2.14) lib/active_support/notifications/instrumenter.rb:20:in `instrument'
  activesupport (3.2.14) lib/active_support/notifications.rb:123:in `instrument'
  actionpack (3.2.14) lib/action_view/renderer/abstract_renderer.rb:38:in `instrument'
  actionpack (3.2.14) lib/action_view/renderer/template_renderer.rb:47:in `block in render_template'
  actionpack (3.2.14) lib/action_view/renderer/template_renderer.rb:55:in `render_with_layout'
  actionpack (3.2.14) lib/action_view/renderer/template_renderer.rb:46:in `render_template'
  actionpack (3.2.14) lib/action_view/renderer/template_renderer.rb:19:in `render'
  actionpack (3.2.14) lib/action_view/renderer/renderer.rb:36:in `render_template'
  actionpack (3.2.14) lib/action_view/renderer/renderer.rb:17:in `render'
  actionpack (3.2.14) lib/abstract_controller/rendering.rb:110:in `_render_template'
  actionpack (3.2.14) lib/action_controller/metal/streaming.rb:225:in `_render_template'
  actionpack (3.2.14) lib/abstract_controller/rendering.rb:103:in `render_to_body'
  actionpack (3.2.14) lib/action_controller/metal/renderers.rb:28:in `render_to_body'
  actionpack (3.2.14) lib/action_controller/metal/compatibility.rb:50:in `render_to_body'
  actionpack (3.2.14) lib/abstract_controller/rendering.rb:88:in `render'
  actionpack (3.2.14) lib/action_controller/metal/rendering.rb:16:in `render'
  actionpack (3.2.14) lib/action_controller/metal/instrumentation.rb:40:in `block (2 levels) in render'
  activesupport (3.2.14) lib/active_support/core_ext/benchmark.rb:5:in `block in ms'
  /usr/local/lib/ruby/1.9.1/benchmark.rb:310:in `realtime'
  activesupport (3.2.14) lib/active_support/core_ext/benchmark.rb:5:in `ms'
  actionpack (3.2.14) lib/action_controller/metal/instrumentation.rb:40:in `block in render'
  actionpack (3.2.14) lib/action_controller/metal/instrumentation.rb:83:in `cleanup_view_runtime'
  activerecord (3.2.14) lib/active_record/railties/controller_runtime.rb:24:in `cleanup_view_runtime'
  actionpack (3.2.14) lib/action_controller/metal/instrumentation.rb:39:in `render'
  actionpack (3.2.14) lib/action_controller/metal/implicit_render.rb:10:in `default_render'
  actionpack (3.2.14) lib/action_controller/metal/implicit_render.rb:5:in `send_action'
  actionpack (3.2.14) lib/abstract_controller/base.rb:167:in `process_action'
  actionpack (3.2.14) lib/action_controller/metal/rendering.rb:10:in `process_action'
  actionpack (3.2.14) lib/abstract_controller/callbacks.rb:18:in `block in process_action'
  activesupport (3.2.14) lib/active_support/callbacks.rb:414:in `_run__1838452__process_action__949708858__callbacks'
  activesupport (3.2.14) lib/active_support/callbacks.rb:405:in `__run_callback'
  activesupport (3.2.14) lib/active_support/callbacks.rb:385:in `_run_process_action_callbacks'
  activesupport (3.2.14) lib/active_support/callbacks.rb:81:in `run_callbacks'
  actionpack (3.2.14) lib/abstract_controller/callbacks.rb:17:in `process_action'
  actionpack (3.2.14) lib/action_controller/metal/rescue.rb:29:in `process_action'
  actionpack (3.2.14) lib/action_controller/metal/instrumentation.rb:30:in `block in process_action'
  activesupport (3.2.14) lib/active_support/notifications.rb:123:in `block in instrument'
  activesupport (3.2.14) lib/active_support/notifications/instrumenter.rb:20:in `instrument'
  activesupport (3.2.14) lib/active_support/notifications.rb:123:in `instrument'
  actionpack (3.2.14) lib/action_controller/metal/instrumentation.rb:29:in `process_action'
  actionpack (3.2.14) lib/action_controller/metal/params_wrapper.rb:207:in `process_action'
  activerecord (3.2.14) lib/active_record/railties/controller_runtime.rb:18:in `process_action'
  actionpack (3.2.14) lib/abstract_controller/base.rb:121:in `process'
  actionpack (3.2.14) lib/abstract_controller/rendering.rb:45:in `process'
  actionpack (3.2.14) lib/action_controller/metal.rb:203:in `dispatch'
  actionpack (3.2.14) lib/action_controller/metal/rack_delegation.rb:14:in `dispatch'
  actionpack (3.2.14) lib/action_controller/metal.rb:246:in `block in action'
  actionpack (3.2.14) lib/action_dispatch/routing/route_set.rb:73:in `call'
  actionpack (3.2.14) lib/action_dispatch/routing/route_set.rb:73:in `dispatch'
  actionpack (3.2.14) lib/action_dispatch/routing/route_set.rb:36:in `call'
  journey (1.0.4) lib/journey/router.rb:68:in `block in call'
  journey (1.0.4) lib/journey/router.rb:56:in `each'
  journey (1.0.4) lib/journey/router.rb:56:in `call'
  actionpack (3.2.14) lib/action_dispatch/routing/route_set.rb:608:in `call'
  actionpack (3.2.14) lib/action_dispatch/middleware/best_standards_support.rb:17:in `call'
  rack (1.4.5) lib/rack/etag.rb:23:in `call'
  rack (1.4.5) lib/rack/conditionalget.rb:25:in `call'
  actionpack (3.2.14) lib/action_dispatch/middleware/head.rb:14:in `call'
  actionpack (3.2.14) lib/action_dispatch/middleware/params_parser.rb:21:in `call'
  actionpack (3.2.14) lib/action_dispatch/middleware/flash.rb:242:in `call'
  rack (1.4.5) lib/rack/session/abstract/id.rb:210:in `context'
  rack (1.4.5) lib/rack/session/abstract/id.rb:205:in `call'
  actionpack (3.2.14) lib/action_dispatch/middleware/cookies.rb:341:in `call'
  activerecord (3.2.14) lib/active_record/query_cache.rb:64:in `call'
  activerecord (3.2.14) lib/active_record/connection_adapters/abstract/connection_pool.rb:479:in `call'
  actionpack (3.2.14) lib/action_dispatch/middleware/callbacks.rb:28:in `block in call'
  activesupport (3.2.14) lib/active_support/callbacks.rb:405:in `_run__171771968__call__1040577295__callbacks'
  activesupport (3.2.14) lib/active_support/callbacks.rb:405:in `__run_callback'
  activesupport (3.2.14) lib/active_support/callbacks.rb:385:in `_run_call_callbacks'
  activesupport (3.2.14) lib/active_support/callbacks.rb:81:in `run_callbacks'
  actionpack (3.2.14) lib/action_dispatch/middleware/callbacks.rb:27:in `call'
  actionpack (3.2.14) lib/action_dispatch/middleware/reloader.rb:65:in `call'
  actionpack (3.2.14) lib/action_dispatch/middleware/remote_ip.rb:31:in `call'
  actionpack (3.2.14) lib/action_dispatch/middleware/debug_exceptions.rb:16:in `call'
  actionpack (3.2.14) lib/action_dispatch/middleware/show_exceptions.rb:56:in `call'
  railties (3.2.14) lib/rails/rack/logger.rb:32:in `call_app'
  railties (3.2.14) lib/rails/rack/logger.rb:16:in `block in call'
  activesupport (3.2.14) lib/active_support/tagged_logging.rb:22:in `tagged'
  railties (3.2.14) lib/rails/rack/logger.rb:16:in `call'
  actionpack (3.2.14) lib/action_dispatch/middleware/request_id.rb:22:in `call'
  rack (1.4.5) lib/rack/methodoverride.rb:21:in `call'
  rack (1.4.5) lib/rack/runtime.rb:17:in `call'
  activesupport (3.2.14) lib/active_support/cache/strategy/local_cache.rb:72:in `call'
  rack (1.4.5) lib/rack/lock.rb:15:in `call'
  actionpack (3.2.14) lib/action_dispatch/middleware/static.rb:63:in `call'
  railties (3.2.14) lib/rails/engine.rb:484:in `call'
  railties (3.2.14) lib/rails/application.rb:231:in `call'
  rack (1.4.5) lib/rack/content_length.rb:14:in `call'
  railties (3.2.14) lib/rails/rack/log_tailer.rb:17:in `call'
  rack (1.4.5) lib/rack/handler/webrick.rb:59:in `service'
  /usr/local/lib/ruby/1.9.1/webrick/httpserver.rb:111:in `service'
  /usr/local/lib/ruby/1.9.1/webrick/httpserver.rb:70:in `run'
  /usr/local/lib/ruby/1.9.1/webrick/server.rb:183:in `block in start_thread'


  Rendered /usr/local/lib/ruby/gems/1.9.1/gems/actionpack-3.2.14/lib/action_dispatch/middleware/templates/rescues/_trace.erb (1.7ms)
  Rendered /usr/local/lib/ruby/gems/1.9.1/gems/actionpack-3.2.14/lib/action_dispatch/middleware/templates/rescues/_request_and_response.erb (2.0ms)
  Rendered /usr/local/lib/ruby/gems/1.9.1/gems/actionpack-3.2.14/lib/action_dispatch/middleware/templates/rescues/template_error.erb within rescues/layout (12.7ms)


Started GET "/movies" for 127.0.0.1 at 2013-10-09 15:18:12 -0700
Processing by MoviesController#index as HTML
  [1m[36mMovie Load (10.5ms)[0m  [1mSELECT "movies".* FROM "movies" [0m
  Rendered movies/index.html.haml within layouts/application (82.1ms)
Completed 200 OK in 249ms (Views: 236.6ms | ActiveRecord: 10.5ms)


Started GET "/assets/application.css?body=1" for 127.0.0.1 at 2013-10-09 15:18:12 -0700
Served asset /application.css - 304 Not Modified (2ms)


Started GET "/assets/application.js?body=1" for 127.0.0.1 at 2013-10-09 15:18:12 -0700
Served asset /application.js - 304 Not Modified (16ms)


Started GET "/assets/jquery_ujs.js?body=1" for 127.0.0.1 at 2013-10-09 15:18:12 -0700
Served asset /jquery_ujs.js - 304 Not Modified (6ms)


Started GET "/assets/jquery.js?body=1" for 127.0.0.1 at 2013-10-09 15:18:12 -0700
Served asset /jquery.js - 304 Not Modified (7ms)


Started GET "/movies/new" for 127.0.0.1 at 2013-10-09 15:18:47 -0700
Processing by MoviesController#new as HTML
  Rendered movies/new.html.haml within layouts/application (140.5ms)
Completed 200 OK in 151ms (Views: 149.8ms | ActiveRecord: 0.0ms)


Started GET "/assets/application.css?body=1" for 127.0.0.1 at 2013-10-09 15:18:47 -0700
Served asset /application.css - 304 Not Modified (0ms)


Started GET "/assets/jquery_ujs.js?body=1" for 127.0.0.1 at 2013-10-09 15:18:47 -0700
Served asset /jquery_ujs.js - 304 Not Modified (0ms)


Started GET "/assets/jquery.js?body=1" for 127.0.0.1 at 2013-10-09 15:18:47 -0700
Served asset /jquery.js - 304 Not Modified (1ms)


Started GET "/assets/application.js?body=1" for 127.0.0.1 at 2013-10-09 15:18:47 -0700
Served asset /application.js - 304 Not Modified (7ms)


Started GET "/movies" for 127.0.0.1 at 2013-10-09 15:27:26 -0700
Processing by MoviesController#index as HTML
  [1m[35mMovie Load (0.3ms)[0m  SELECT "movies".* FROM "movies" 
  Rendered movies/index.html.haml within layouts/application (8.2ms)
Completed 200 OK in 31ms (Views: 14.8ms | ActiveRecord: 0.3ms)


Started GET "/assets/application.css?body=1" for 127.0.0.1 at 2013-10-09 15:27:27 -0700
Served asset /application.css - 304 Not Modified (3ms)


Started GET "/assets/application.js?body=1" for 127.0.0.1 at 2013-10-09 15:27:27 -0700
Served asset /application.js - 304 Not Modified (0ms)


Started GET "/assets/jquery.js?body=1" for 127.0.0.1 at 2013-10-09 15:27:27 -0700
Served asset /jquery.js - 304 Not Modified (0ms)


Started GET "/assets/jquery_ujs.js?body=1" for 127.0.0.1 at 2013-10-09 15:27:27 -0700
Served asset /jquery_ujs.js - 304 Not Modified (0ms)


Started GET "/movies" for 127.0.0.1 at 2013-10-09 15:27:31 -0700
Processing by MoviesController#index as HTML
  [1m[36mMovie Load (0.2ms)[0m  [1mSELECT "movies".* FROM "movies" [0m
  Rendered movies/index.html.haml within layouts/application (14.5ms)
Completed 200 OK in 26ms (Views: 22.9ms | ActiveRecord: 0.2ms)


Started GET "/assets/application.css?body=1" for 127.0.0.1 at 2013-10-09 15:27:31 -0700
Served asset /application.css - 304 Not Modified (0ms)


Started GET "/assets/jquery.js?body=1" for 127.0.0.1 at 2013-10-09 15:27:31 -0700
Served asset /jquery.js - 304 Not Modified (1ms)


Started GET "/assets/jquery_ujs.js?body=1" for 127.0.0.1 at 2013-10-09 15:27:31 -0700
Served asset /jquery_ujs.js - 304 Not Modified (0ms)


Started GET "/assets/application.js?body=1" for 127.0.0.1 at 2013-10-09 15:27:31 -0700
Served asset /application.js - 304 Not Modified (1ms)


Started GET "/movies" for 127.0.0.1 at 2013-10-09 15:27:32 -0700
Processing by MoviesController#index as HTML
  [1m[35mMovie Load (0.3ms)[0m  SELECT "movies".* FROM "movies" 
  Rendered movies/index.html.haml within layouts/application (12.7ms)
Completed 200 OK in 28ms (Views: 19.7ms | ActiveRecord: 0.3ms)


Started GET "/assets/application.css?body=1" for 127.0.0.1 at 2013-10-09 15:27:32 -0700
Served asset /application.css - 304 Not Modified (11ms)


Started GET "/assets/application.js?body=1" for 127.0.0.1 at 2013-10-09 15:27:32 -0700
Served asset /application.js - 304 Not Modified (1ms)


Started GET "/assets/jquery.js?body=1" for 127.0.0.1 at 2013-10-09 15:27:32 -0700
Served asset /jquery.js - 304 Not Modified (1ms)


Started GET "/assets/jquery_ujs.js?body=1" for 127.0.0.1 at 2013-10-09 15:27:32 -0700
Served asset /jquery_ujs.js - 304 Not Modified (0ms)


Started GET "/movies?sort=title" for 127.0.0.1 at 2013-10-09 15:27:36 -0700
Processing by MoviesController#index as HTML
  Parameters: {"sort"=>"title"}
  [1m[36mMovie Load (0.3ms)[0m  [1mSELECT "movies".* FROM "movies" [0m
Completed 500 Internal Server Error in 5ms

NoMethodError (undefined method `order!' for #<Array:0xab71f88>):
  app/controllers/movies_controller.rb:11:in `index'


  Rendered /usr/local/lib/ruby/gems/1.9.1/gems/actionpack-3.2.14/lib/action_dispatch/middleware/templates/rescues/_trace.erb (2.4ms)
  Rendered /usr/local/lib/ruby/gems/1.9.1/gems/actionpack-3.2.14/lib/action_dispatch/middleware/templates/rescues/_request_and_response.erb (1.8ms)
  Rendered /usr/local/lib/ruby/gems/1.9.1/gems/actionpack-3.2.14/lib/action_dispatch/middleware/templates/rescues/diagnostics.erb within rescues/layout (20.1ms)


Started GET "/movies?sort=release_date" for 127.0.0.1 at 2013-10-09 15:27:42 -0700
Processing by MoviesController#index as HTML
  Parameters: {"sort"=>"release_date"}
  [1m[35mMovie Load (0.3ms)[0m  SELECT "movies".* FROM "movies" 
Completed 500 Internal Server Error in 4ms

NoMethodError (undefined method `order!' for #<Array:0x92c7ce4>):
  app/controllers/movies_controller.rb:12:in `index'


  Rendered /usr/local/lib/ruby/gems/1.9.1/gems/actionpack-3.2.14/lib/action_dispatch/middleware/templates/rescues/_trace.erb (1.5ms)
  Rendered /usr/local/lib/ruby/gems/1.9.1/gems/actionpack-3.2.14/lib/action_dispatch/middleware/templates/rescues/_request_and_response.erb (1.1ms)
  Rendered /usr/local/lib/ruby/gems/1.9.1/gems/actionpack-3.2.14/lib/action_dispatch/middleware/templates/rescues/diagnostics.erb within rescues/layout (13.2ms)


Started GET "/movies?sort=title" for 127.0.0.1 at 2013-10-09 15:27:51 -0700
Processing by MoviesController#index as HTML
  Parameters: {"sort"=>"title"}
  [1m[36mMovie Load (4.8ms)[0m  [1mSELECT "movies".* FROM "movies" [0m
Completed 500 Internal Server Error in 11ms

NoMethodError (undefined method `order!' for #<Array:0xad60bc8>):
  app/controllers/movies_controller.rb:11:in `index'


  Rendered /usr/local/lib/ruby/gems/1.9.1/gems/actionpack-3.2.14/lib/action_dispatch/middleware/templates/rescues/_trace.erb (1.3ms)
  Rendered /usr/local/lib/ruby/gems/1.9.1/gems/actionpack-3.2.14/lib/action_dispatch/middleware/templates/rescues/_request_and_response.erb (1.5ms)
  Rendered /usr/local/lib/ruby/gems/1.9.1/gems/actionpack-3.2.14/lib/action_dispatch/middleware/templates/rescues/diagnostics.erb within rescues/layout (94.3ms)


Started GET "/movies?sort=title" for 127.0.0.1 at 2013-10-09 15:28:55 -0700
Processing by MoviesController#index as HTML
  Parameters: {"sort"=>"title"}
  [1m[35mMovie Load (4.0ms)[0m  SELECT "movies".* FROM "movies" 
Completed 500 Internal Server Error in 10ms

NoMethodError (undefined method `order!' for #<Array:0xb619cd1c>):
  app/controllers/movies_controller.rb:11:in `index'


  Rendered /usr/local/lib/ruby/gems/1.9.1/gems/actionpack-3.2.14/lib/action_dispatch/middleware/templates/rescues/_trace.erb (2.1ms)
  Rendered /usr/local/lib/ruby/gems/1.9.1/gems/actionpack-3.2.14/lib/action_dispatch/middleware/templates/rescues/_request_and_response.erb (1.5ms)
  Rendered /usr/local/lib/ruby/gems/1.9.1/gems/actionpack-3.2.14/lib/action_dispatch/middleware/templates/rescues/diagnostics.erb within rescues/layout (14.6ms)


Started GET "/movies?sort=title" for 127.0.0.1 at 2013-10-09 15:29:01 -0700
Processing by MoviesController#index as HTML
  Parameters: {"sort"=>"title"}
  [1m[36mMovie Load (0.3ms)[0m  [1mSELECT "movies".* FROM "movies" [0m
Completed 500 Internal Server Error in 5ms

NoMethodError (undefined method `order!' for #<Array:0xb611f150>):
  app/controllers/movies_controller.rb:11:in `index'


  Rendered /usr/local/lib/ruby/gems/1.9.1/gems/actionpack-3.2.14/lib/action_dispatch/middleware/templates/rescues/_trace.erb (2.1ms)
  Rendered /usr/local/lib/ruby/gems/1.9.1/gems/actionpack-3.2.14/lib/action_dispatch/middleware/templates/rescues/_request_and_response.erb (1.2ms)
  Rendered /usr/local/lib/ruby/gems/1.9.1/gems/actionpack-3.2.14/lib/action_dispatch/middleware/templates/rescues/diagnostics.erb within rescues/layout (14.2ms)


Started GET "/movies?sort=title" for 127.0.0.1 at 2013-10-09 15:32:04 -0700
Processing by MoviesController#index as HTML
  Parameters: {"sort"=>"title"}
  [1m[35mMovie Load (1.2ms)[0m  SELECT "movies".* FROM "movies" ORDER BY title
  Rendered movies/index.html.haml within layouts/application (28.9ms)
Completed 500 Internal Server Error in 32ms

ActionView::Template::Error (undefined local variable or method `title_header' for #<#<Class:0xb5930d7c>:0xb592f83c>):
    4: %table#movies
    5:   %thead
    6:     %tr
    7:       %th= link_to 'Movie Title', movies_path(:sort => 'title'), :id => title_header
    8:       %th Rating
    9:       %th= link_to 'Release Date', movies_path(:sort => 'release_date'), {:id => :release_header}
    10:       %th More Info
  app/views/movies/index.html.haml:7:in `_app_views_movies_index_html_haml__796993424__624330908'


  Rendered /usr/local/lib/ruby/gems/1.9.1/gems/actionpack-3.2.14/lib/action_dispatch/middleware/templates/rescues/_trace.erb (1.2ms)
  Rendered /usr/local/lib/ruby/gems/1.9.1/gems/actionpack-3.2.14/lib/action_dispatch/middleware/templates/rescues/_request_and_response.erb (1.4ms)
  Rendered /usr/local/lib/ruby/gems/1.9.1/gems/actionpack-3.2.14/lib/action_dispatch/middleware/templates/rescues/template_error.erb within rescues/layout (13.6ms)


Started GET "/movies" for 127.0.0.1 at 2013-10-09 15:32:32 -0700
Processing by MoviesController#index as HTML
  [1m[36mMovie Load (0.3ms)[0m  [1mSELECT "movies".* FROM "movies" [0m
  Rendered movies/index.html.haml within layouts/application (19.9ms)
Completed 200 OK in 31ms (Views: 30.9ms | ActiveRecord: 0.3ms)


Started GET "/assets/application.css?body=1" for 127.0.0.1 at 2013-10-09 15:32:32 -0700
Served asset /application.css - 304 Not Modified (0ms)


Started GET "/assets/jquery_ujs.js?body=1" for 127.0.0.1 at 2013-10-09 15:32:32 -0700
Served asset /jquery_ujs.js - 304 Not Modified (0ms)


Started GET "/assets/application.js?body=1" for 127.0.0.1 at 2013-10-09 15:32:32 -0700
Served asset /application.js - 304 Not Modified (1ms)


Started GET "/assets/jquery.js?body=1" for 127.0.0.1 at 2013-10-09 15:32:32 -0700
Served asset /jquery.js - 304 Not Modified (1ms)


Started GET "/movies?sort=title" for 127.0.0.1 at 2013-10-09 15:32:34 -0700
Processing by MoviesController#index as HTML
  Parameters: {"sort"=>"title"}
  [1m[35mMovie Load (4.8ms)[0m  SELECT "movies".* FROM "movies" ORDER BY title
  Rendered movies/index.html.haml within layouts/application (15.5ms)
Completed 200 OK in 29ms (Views: 24.2ms | ActiveRecord: 4.8ms)


Started GET "/assets/application.css?body=1" for 127.0.0.1 at 2013-10-09 15:32:34 -0700
Served asset /application.css - 304 Not Modified (14ms)


Started GET "/assets/jquery.js?body=1" for 127.0.0.1 at 2013-10-09 15:32:34 -0700
Served asset /jquery.js - 304 Not Modified (7ms)


Started GET "/assets/jquery_ujs.js?body=1" for 127.0.0.1 at 2013-10-09 15:32:34 -0700
Served asset /jquery_ujs.js - 304 Not Modified (0ms)


Started GET "/assets/application.js?body=1" for 127.0.0.1 at 2013-10-09 15:32:34 -0700
Served asset /application.js - 304 Not Modified (1ms)


Started GET "/movies?sort=title" for 127.0.0.1 at 2013-10-09 15:32:38 -0700
Processing by MoviesController#index as HTML
  Parameters: {"sort"=>"title"}
  [1m[36mMovie Load (0.4ms)[0m  [1mSELECT "movies".* FROM "movies" ORDER BY title[0m
  Rendered movies/index.html.haml within layouts/application (15.3ms)
Completed 200 OK in 22ms (Views: 20.8ms | ActiveRecord: 0.4ms)


Started GET "/assets/application.css?body=1" for 127.0.0.1 at 2013-10-09 15:32:38 -0700
Served asset /application.css - 304 Not Modified (18ms)


Started GET "/assets/jquery.js?body=1" for 127.0.0.1 at 2013-10-09 15:32:38 -0700
Served asset /jquery.js - 304 Not Modified (1ms)


Started GET "/assets/application.js?body=1" for 127.0.0.1 at 2013-10-09 15:32:38 -0700
Served asset /application.js - 304 Not Modified (1ms)


Started GET "/assets/jquery_ujs.js?body=1" for 127.0.0.1 at 2013-10-09 15:32:38 -0700
Served asset /jquery_ujs.js - 304 Not Modified (0ms)


Started GET "/movies?sort=title" for 127.0.0.1 at 2013-10-09 15:32:39 -0700
Processing by MoviesController#index as HTML
  Parameters: {"sort"=>"title"}
  [1m[35mMovie Load (0.4ms)[0m  SELECT "movies".* FROM "movies" ORDER BY title
  Rendered movies/index.html.haml within layouts/application (12.1ms)
Completed 200 OK in 76ms (Views: 75.5ms | ActiveRecord: 0.4ms)


Started GET "/assets/application.css?body=1" for 127.0.0.1 at 2013-10-09 15:32:39 -0700
Served asset /application.css - 304 Not Modified (0ms)


Started GET "/assets/jquery.js?body=1" for 127.0.0.1 at 2013-10-09 15:32:39 -0700
Served asset /jquery.js - 304 Not Modified (1ms)


Started GET "/assets/application.js?body=1" for 127.0.0.1 at 2013-10-09 15:32:39 -0700
Served asset /application.js - 304 Not Modified (1ms)


Started GET "/assets/jquery_ujs.js?body=1" for 127.0.0.1 at 2013-10-09 15:32:39 -0700
Served asset /jquery_ujs.js - 304 Not Modified (0ms)


Started GET "/movies?sort=title" for 127.0.0.1 at 2013-10-09 15:34:12 -0700
Processing by MoviesController#index as HTML
  Parameters: {"sort"=>"title"}
  [1m[36mMovie Load (0.4ms)[0m  [1mSELECT "movies".* FROM "movies" ORDER BY title[0m
  Rendered movies/index.html.haml within layouts/application (15.5ms)
Completed 200 OK in 24ms (Views: 22.7ms | ActiveRecord: 0.4ms)


Started GET "/assets/application.css?body=1" for 127.0.0.1 at 2013-10-09 15:34:12 -0700
Served asset /application.css - 304 Not Modified (2ms)


Started GET "/assets/jquery_ujs.js?body=1" for 127.0.0.1 at 2013-10-09 15:34:12 -0700
Served asset /jquery_ujs.js - 304 Not Modified (0ms)


Started GET "/assets/jquery.js?body=1" for 127.0.0.1 at 2013-10-09 15:34:12 -0700
Served asset /jquery.js - 304 Not Modified (1ms)


Started GET "/assets/application.js?body=1" for 127.0.0.1 at 2013-10-09 15:34:12 -0700
Served asset /application.js - 304 Not Modified (1ms)


Started GET "/movies?sort=title" for 127.0.0.1 at 2013-10-09 15:34:12 -0700
Processing by MoviesController#index as HTML
  Parameters: {"sort"=>"title"}
  [1m[35mMovie Load (0.4ms)[0m  SELECT "movies".* FROM "movies" ORDER BY title
  Rendered movies/index.html.haml within layouts/application (13.7ms)
Completed 200 OK in 19ms (Views: 18.6ms | ActiveRecord: 0.4ms)


Started GET "/assets/application.css?body=1" for 127.0.0.1 at 2013-10-09 15:34:12 -0700
Served asset /application.css - 304 Not Modified (0ms)


Started GET "/assets/jquery.js?body=1" for 127.0.0.1 at 2013-10-09 15:34:12 -0700
Served asset /jquery.js - 304 Not Modified (1ms)


Started GET "/assets/application.js?body=1" for 127.0.0.1 at 2013-10-09 15:34:12 -0700
Served asset /application.js - 304 Not Modified (4ms)


Started GET "/assets/jquery_ujs.js?body=1" for 127.0.0.1 at 2013-10-09 15:34:13 -0700
Served asset /jquery_ujs.js - 304 Not Modified (0ms)


Started GET "/movies?sort=title" for 127.0.0.1 at 2013-10-09 15:34:13 -0700
Processing by MoviesController#index as HTML
  Parameters: {"sort"=>"title"}
  [1m[36mMovie Load (0.2ms)[0m  [1mSELECT "movies".* FROM "movies" ORDER BY title[0m
  Rendered movies/index.html.haml within layouts/application (17.1ms)
Completed 200 OK in 26ms (Views: 25.2ms | ActiveRecord: 0.2ms)


Started GET "/assets/application.css?body=1" for 127.0.0.1 at 2013-10-09 15:34:13 -0700
Served asset /application.css - 304 Not Modified (0ms)


Started GET "/assets/jquery.js?body=1" for 127.0.0.1 at 2013-10-09 15:34:13 -0700
Served asset /jquery.js - 304 Not Modified (1ms)


Started GET "/assets/application.js?body=1" for 127.0.0.1 at 2013-10-09 15:34:13 -0700
Served asset /application.js - 304 Not Modified (1ms)


Started GET "/assets/jquery_ujs.js?body=1" for 127.0.0.1 at 2013-10-09 15:34:13 -0700
Served asset /jquery_ujs.js - 304 Not Modified (0ms)


Started GET "/movies?sort=title" for 127.0.0.1 at 2013-10-09 15:34:13 -0700
Processing by MoviesController#index as HTML
  Parameters: {"sort"=>"title"}
  [1m[35mMovie Load (0.3ms)[0m  SELECT "movies".* FROM "movies" ORDER BY title
  Rendered movies/index.html.haml within layouts/application (15.6ms)
Completed 200 OK in 27ms (Views: 25.7ms | ActiveRecord: 0.3ms)


Started GET "/assets/application.css?body=1" for 127.0.0.1 at 2013-10-09 15:34:13 -0700
Served asset /application.css - 304 Not Modified (0ms)


Started GET "/assets/jquery_ujs.js?body=1" for 127.0.0.1 at 2013-10-09 15:34:13 -0700
Served asset /jquery_ujs.js - 304 Not Modified (0ms)


Started GET "/assets/jquery.js?body=1" for 127.0.0.1 at 2013-10-09 15:34:13 -0700
Served asset /jquery.js - 304 Not Modified (1ms)


Started GET "/assets/application.js?body=1" for 127.0.0.1 at 2013-10-09 15:34:13 -0700
Served asset /application.js - 304 Not Modified (1ms)


Started GET "/movies?sort=title" for 127.0.0.1 at 2013-10-09 15:34:14 -0700
Processing by MoviesController#index as HTML
  Parameters: {"sort"=>"title"}
  [1m[36mMovie Load (0.4ms)[0m  [1mSELECT "movies".* FROM "movies" ORDER BY title[0m
  Rendered movies/index.html.haml within layouts/application (13.0ms)
Completed 200 OK in 33ms (Views: 32.3ms | ActiveRecord: 0.4ms)


Started GET "/assets/application.css?body=1" for 127.0.0.1 at 2013-10-09 15:34:14 -0700
Served asset /application.css - 304 Not Modified (0ms)


Started GET "/assets/jquery.js?body=1" for 127.0.0.1 at 2013-10-09 15:34:14 -0700
Served asset /jquery.js - 304 Not Modified (0ms)


Started GET "/assets/application.js?body=1" for 127.0.0.1 at 2013-10-09 15:34:14 -0700
Served asset /application.js - 304 Not Modified (1ms)


Started GET "/assets/jquery_ujs.js?body=1" for 127.0.0.1 at 2013-10-09 15:34:14 -0700
Served asset /jquery_ujs.js - 304 Not Modified (0ms)


Started GET "/movies?sort=title" for 127.0.0.1 at 2013-10-09 15:34:14 -0700
Processing by MoviesController#index as HTML
  Parameters: {"sort"=>"title"}
  [1m[35mMovie Load (0.5ms)[0m  SELECT "movies".* FROM "movies" ORDER BY title
  Rendered movies/index.html.haml within layouts/application (20.8ms)
Completed 200 OK in 35ms (Views: 34.1ms | ActiveRecord: 0.5ms)


Started GET "/assets/jquery.js?body=1" for 127.0.0.1 at 2013-10-09 15:34:14 -0700
Served asset /jquery.js - 304 Not Modified (1ms)


Started GET "/assets/application.js?body=1" for 127.0.0.1 at 2013-10-09 15:34:14 -0700
Served asset /application.js - 304 Not Modified (6ms)


Started GET "/assets/jquery_ujs.js?body=1" for 127.0.0.1 at 2013-10-09 15:34:14 -0700
Served asset /jquery_ujs.js - 304 Not Modified (0ms)


Started GET "/assets/application.css?body=1" for 127.0.0.1 at 2013-10-09 15:34:14 -0700
Served asset /application.css - 304 Not Modified (0ms)


Started GET "/movies" for 127.0.0.1 at 2013-10-09 15:34:21 -0700
Processing by MoviesController#index as HTML
  [1m[36mMovie Load (0.4ms)[0m  [1mSELECT "movies".* FROM "movies" [0m
  Rendered movies/index.html.haml within layouts/application (15.7ms)
Completed 200 OK in 26ms (Views: 25.3ms | ActiveRecord: 0.4ms)


Started GET "/assets/application.css?body=1" for 127.0.0.1 at 2013-10-09 15:34:21 -0700
Served asset /application.css - 304 Not Modified (0ms)


Started GET "/assets/jquery.js?body=1" for 127.0.0.1 at 2013-10-09 15:34:21 -0700
Served asset /jquery.js - 304 Not Modified (1ms)


Started GET "/assets/application.js?body=1" for 127.0.0.1 at 2013-10-09 15:34:21 -0700
Served asset /application.js - 304 Not Modified (1ms)


Started GET "/assets/jquery_ujs.js?body=1" for 127.0.0.1 at 2013-10-09 15:34:21 -0700
Served asset /jquery_ujs.js - 304 Not Modified (0ms)


Started GET "/movies?sort=title" for 127.0.0.1 at 2013-10-09 15:35:02 -0700
Processing by MoviesController#index as HTML
  Parameters: {"sort"=>"title"}
  [1m[35mMovie Load (0.4ms)[0m  SELECT "movies".* FROM "movies" ORDER BY title
  Rendered movies/index.html.haml within layouts/application (7.1ms)
Completed 200 OK in 20ms (Views: 19.5ms | ActiveRecord: 0.4ms)


Started GET "/assets/application.css?body=1" for 127.0.0.1 at 2013-10-09 15:35:02 -0700
Served asset /application.css - 304 Not Modified (114ms)


Started GET "/assets/application.js?body=1" for 127.0.0.1 at 2013-10-09 15:35:02 -0700
Served asset /application.js - 304 Not Modified (1ms)


Started GET "/assets/jquery_ujs.js?body=1" for 127.0.0.1 at 2013-10-09 15:35:02 -0700
Served asset /jquery_ujs.js - 304 Not Modified (0ms)


Started GET "/assets/jquery.js?body=1" for 127.0.0.1 at 2013-10-09 15:35:02 -0700
Served asset /jquery.js - 304 Not Modified (1ms)


Started GET "/movies?sort=title" for 127.0.0.1 at 2013-10-09 15:35:03 -0700
Processing by MoviesController#index as HTML
  Parameters: {"sort"=>"title"}
  [1m[36mMovie Load (0.4ms)[0m  [1mSELECT "movies".* FROM "movies" ORDER BY title[0m
  Rendered movies/index.html.haml within layouts/application (9.2ms)
Completed 200 OK in 32ms (Views: 30.9ms | ActiveRecord: 0.4ms)


Started GET "/assets/application.css?body=1" for 127.0.0.1 at 2013-10-09 15:35:03 -0700
Served asset /application.css - 304 Not Modified (18ms)


Started GET "/assets/jquery_ujs.js?body=1" for 127.0.0.1 at 2013-10-09 15:35:03 -0700
Served asset /jquery_ujs.js - 304 Not Modified (0ms)


Started GET "/assets/jquery.js?body=1" for 127.0.0.1 at 2013-10-09 15:35:03 -0700
Served asset /jquery.js - 304 Not Modified (0ms)


Started GET "/assets/application.js?body=1" for 127.0.0.1 at 2013-10-09 15:35:03 -0700
Served asset /application.js - 304 Not Modified (2ms)


Started GET "/movies?sort=title" for 127.0.0.1 at 2013-10-09 15:35:04 -0700
Processing by MoviesController#index as HTML
  Parameters: {"sort"=>"title"}
  [1m[35mMovie Load (0.4ms)[0m  SELECT "movies".* FROM "movies" ORDER BY title
  Rendered movies/index.html.haml within layouts/application (13.6ms)
Completed 200 OK in 27ms (Views: 19.2ms | ActiveRecord: 0.4ms)


Started GET "/assets/application.css?body=1" for 127.0.0.1 at 2013-10-09 15:35:04 -0700
Served asset /application.css - 304 Not Modified (16ms)


Started GET "/assets/jquery.js?body=1" for 127.0.0.1 at 2013-10-09 15:35:04 -0700
Served asset /jquery.js - 304 Not Modified (1ms)


Started GET "/assets/jquery_ujs.js?body=1" for 127.0.0.1 at 2013-10-09 15:35:04 -0700
Served asset /jquery_ujs.js - 304 Not Modified (0ms)


Started GET "/assets/application.js?body=1" for 127.0.0.1 at 2013-10-09 15:35:04 -0700
Served asset /application.js - 304 Not Modified (0ms)


Started GET "/movies?sort=title" for 127.0.0.1 at 2013-10-09 15:35:04 -0700
Processing by MoviesController#index as HTML
  Parameters: {"sort"=>"title"}
  [1m[36mMovie Load (0.4ms)[0m  [1mSELECT "movies".* FROM "movies" ORDER BY title[0m
  Rendered movies/index.html.haml within layouts/application (13.6ms)
Completed 200 OK in 29ms (Views: 28.6ms | ActiveRecord: 0.4ms)


Started GET "/assets/application.css?body=1" for 127.0.0.1 at 2013-10-09 15:35:04 -0700
Served asset /application.css - 304 Not Modified (0ms)


Started GET "/assets/jquery.js?body=1" for 127.0.0.1 at 2013-10-09 15:35:04 -0700
Served asset /jquery.js - 304 Not Modified (1ms)


Started GET "/assets/application.js?body=1" for 127.0.0.1 at 2013-10-09 15:35:04 -0700
Served asset /application.js - 304 Not Modified (1ms)


Started GET "/assets/jquery_ujs.js?body=1" for 127.0.0.1 at 2013-10-09 15:35:04 -0700
Served asset /jquery_ujs.js - 304 Not Modified (0ms)


Started GET "/movies?sort=title" for 127.0.0.1 at 2013-10-09 15:35:37 -0700
Processing by MoviesController#index as HTML
  Parameters: {"sort"=>"title"}
  [1m[35mMovie Load (0.4ms)[0m  SELECT "movies".* FROM "movies" ORDER BY title
  Rendered movies/index.html.haml within layouts/application (19.5ms)
Completed 200 OK in 29ms (Views: 28.2ms | ActiveRecord: 0.4ms)


Started GET "/assets/application.css?body=1" for 127.0.0.1 at 2013-10-09 15:35:37 -0700
Served asset /application.css - 304 Not Modified (0ms)


Started GET "/assets/application.js?body=1" for 127.0.0.1 at 2013-10-09 15:35:37 -0700
Served asset /application.js - 304 Not Modified (2ms)


Started GET "/assets/jquery.js?body=1" for 127.0.0.1 at 2013-10-09 15:35:37 -0700
Served asset /jquery.js - 304 Not Modified (1ms)


Started GET "/assets/jquery_ujs.js?body=1" for 127.0.0.1 at 2013-10-09 15:35:37 -0700
Served asset /jquery_ujs.js - 304 Not Modified (0ms)


Started GET "/movies?sort=release_date" for 127.0.0.1 at 2013-10-09 15:35:41 -0700
Processing by MoviesController#index as HTML
  Parameters: {"sort"=>"release_date"}
  [1m[36mMovie Load (0.3ms)[0m  [1mSELECT "movies".* FROM "movies" [0m
  Rendered movies/index.html.haml within layouts/application (7.6ms)
Completed 200 OK in 20ms (Views: 19.0ms | ActiveRecord: 0.3ms)


Started GET "/assets/application.css?body=1" for 127.0.0.1 at 2013-10-09 15:35:41 -0700
Served asset /application.css - 304 Not Modified (0ms)


Started GET "/assets/jquery.js?body=1" for 127.0.0.1 at 2013-10-09 15:35:41 -0700
Served asset /jquery.js - 304 Not Modified (1ms)


Started GET "/assets/jquery_ujs.js?body=1" for 127.0.0.1 at 2013-10-09 15:35:41 -0700
Served asset /jquery_ujs.js - 304 Not Modified (0ms)


Started GET "/assets/application.js?body=1" for 127.0.0.1 at 2013-10-09 15:35:41 -0700
Served asset /application.js - 304 Not Modified (1ms)


Started GET "/movies?sort=release_date" for 127.0.0.1 at 2013-10-09 15:35:43 -0700
Processing by MoviesController#index as HTML
  Parameters: {"sort"=>"release_date"}
  [1m[35mMovie Load (0.3ms)[0m  SELECT "movies".* FROM "movies" 
  Rendered movies/index.html.haml within layouts/application (6.3ms)
Completed 200 OK in 29ms (Views: 25.4ms | ActiveRecord: 0.3ms)


Started GET "/assets/application.css?body=1" for 127.0.0.1 at 2013-10-09 15:35:44 -0700
Served asset /application.css - 304 Not Modified (20ms)


Started GET "/assets/jquery.js?body=1" for 127.0.0.1 at 2013-10-09 15:35:44 -0700
Served asset /jquery.js - 304 Not Modified (0ms)


Started GET "/assets/jquery_ujs.js?body=1" for 127.0.0.1 at 2013-10-09 15:35:44 -0700
Served asset /jquery_ujs.js - 304 Not Modified (0ms)


Started GET "/assets/application.js?body=1" for 127.0.0.1 at 2013-10-09 15:35:44 -0700
Served asset /application.js - 304 Not Modified (1ms)


Started GET "/movies?sort=title" for 127.0.0.1 at 2013-10-09 15:35:46 -0700
Processing by MoviesController#index as HTML
  Parameters: {"sort"=>"title"}
  [1m[36mMovie Load (0.4ms)[0m  [1mSELECT "movies".* FROM "movies" ORDER BY title[0m
  Rendered movies/index.html.haml within layouts/application (11.4ms)
Completed 200 OK in 21ms (Views: 17.5ms | ActiveRecord: 0.4ms)


Started GET "/assets/application.css?body=1" for 127.0.0.1 at 2013-10-09 15:35:46 -0700
Served asset /application.css - 304 Not Modified (0ms)


Started GET "/assets/jquery_ujs.js?body=1" for 127.0.0.1 at 2013-10-09 15:35:46 -0700
Served asset /jquery_ujs.js - 304 Not Modified (0ms)


Started GET "/assets/jquery.js?body=1" for 127.0.0.1 at 2013-10-09 15:35:46 -0700
Served asset /jquery.js - 304 Not Modified (9ms)


Started GET "/assets/application.js?body=1" for 127.0.0.1 at 2013-10-09 15:35:46 -0700
Served asset /application.js - 304 Not Modified (4ms)


Started GET "/movies?sort=release_date" for 127.0.0.1 at 2013-10-09 15:35:48 -0700
Processing by MoviesController#index as HTML
  Parameters: {"sort"=>"release_date"}
  [1m[35mMovie Load (5.4ms)[0m  SELECT "movies".* FROM "movies" 
  Rendered movies/index.html.haml within layouts/application (13.5ms)
Completed 200 OK in 28ms (Views: 22.5ms | ActiveRecord: 5.4ms)


Started GET "/assets/application.css?body=1" for 127.0.0.1 at 2013-10-09 15:35:48 -0700
Served asset /application.css - 304 Not Modified (0ms)


Started GET "/assets/application.js?body=1" for 127.0.0.1 at 2013-10-09 15:35:48 -0700
Served asset /application.js - 304 Not Modified (1ms)


Started GET "/assets/jquery.js?body=1" for 127.0.0.1 at 2013-10-09 15:35:48 -0700
Served asset /jquery.js - 304 Not Modified (62ms)


Started GET "/assets/jquery_ujs.js?body=1" for 127.0.0.1 at 2013-10-09 15:35:48 -0700
Served asset /jquery_ujs.js - 304 Not Modified (0ms)


Started GET "/movies?sort=release_date" for 127.0.0.1 at 2013-10-09 15:35:50 -0700
Processing by MoviesController#index as HTML
  Parameters: {"sort"=>"release_date"}
  [1m[36mMovie Load (0.3ms)[0m  [1mSELECT "movies".* FROM "movies" [0m
  Rendered movies/index.html.haml within layouts/application (12.3ms)
Completed 200 OK in 32ms (Views: 31.9ms | ActiveRecord: 0.3ms)


Started GET "/assets/application.css?body=1" for 127.0.0.1 at 2013-10-09 15:35:51 -0700
Served asset /application.css - 304 Not Modified (0ms)


Started GET "/assets/jquery_ujs.js?body=1" for 127.0.0.1 at 2013-10-09 15:35:51 -0700
Served asset /jquery_ujs.js - 304 Not Modified (0ms)


Started GET "/assets/jquery.js?body=1" for 127.0.0.1 at 2013-10-09 15:35:51 -0700
Served asset /jquery.js - 304 Not Modified (1ms)


Started GET "/assets/application.js?body=1" for 127.0.0.1 at 2013-10-09 15:35:51 -0700
Served asset /application.js - 304 Not Modified (1ms)


Started GET "/movies?sort=title" for 127.0.0.1 at 2013-10-09 15:35:52 -0700
Processing by MoviesController#index as HTML
  Parameters: {"sort"=>"title"}
  [1m[35mMovie Load (0.4ms)[0m  SELECT "movies".* FROM "movies" ORDER BY title
  Rendered movies/index.html.haml within layouts/application (9.0ms)
Completed 200 OK in 31ms (Views: 30.2ms | ActiveRecord: 0.4ms)


Started GET "/assets/jquery.js?body=1" for 127.0.0.1 at 2013-10-09 15:35:52 -0700
Served asset /jquery.js - 304 Not Modified (13ms)


Started GET "/assets/jquery_ujs.js?body=1" for 127.0.0.1 at 2013-10-09 15:35:52 -0700
Served asset /jquery_ujs.js - 304 Not Modified (0ms)


Started GET "/assets/application.js?body=1" for 127.0.0.1 at 2013-10-09 15:35:52 -0700
Served asset /application.js - 304 Not Modified (1ms)


Started GET "/assets/application.css?body=1" for 127.0.0.1 at 2013-10-09 15:35:52 -0700
Served asset /application.css - 304 Not Modified (0ms)


Started GET "/movies?sort=release_date" for 127.0.0.1 at 2013-10-09 15:35:54 -0700
Processing by MoviesController#index as HTML
  Parameters: {"sort"=>"release_date"}
  [1m[36mMovie Load (0.4ms)[0m  [1mSELECT "movies".* FROM "movies" [0m
  Rendered movies/index.html.haml within layouts/application (19.3ms)
Completed 200 OK in 29ms (Views: 28.2ms | ActiveRecord: 0.4ms)


Started GET "/assets/application.css?body=1" for 127.0.0.1 at 2013-10-09 15:35:54 -0700
Served asset /application.css - 304 Not Modified (0ms)


Started GET "/assets/jquery.js?body=1" for 127.0.0.1 at 2013-10-09 15:35:54 -0700
Served asset /jquery.js - 304 Not Modified (1ms)


Started GET "/assets/jquery_ujs.js?body=1" for 127.0.0.1 at 2013-10-09 15:35:54 -0700
Served asset /jquery_ujs.js - 304 Not Modified (0ms)


Started GET "/assets/application.js?body=1" for 127.0.0.1 at 2013-10-09 15:35:54 -0700
Served asset /application.js - 304 Not Modified (1ms)


Started GET "/movies?sort=title" for 127.0.0.1 at 2013-10-09 15:36:49 -0700
Processing by MoviesController#index as HTML
  Parameters: {"sort"=>"title"}
  [1m[35mMovie Load (0.4ms)[0m  SELECT "movies".* FROM "movies" ORDER BY title
  Rendered movies/index.html.haml within layouts/application (12.7ms)
Completed 200 OK in 21ms (Views: 20.3ms | ActiveRecord: 0.4ms)


Started GET "/assets/application.css?body=1" for 127.0.0.1 at 2013-10-09 15:36:49 -0700
Served asset /application.css - 304 Not Modified (0ms)


Started GET "/assets/jquery.js?body=1" for 127.0.0.1 at 2013-10-09 15:36:49 -0700
Served asset /jquery.js - 304 Not Modified (0ms)


Started GET "/assets/application.js?body=1" for 127.0.0.1 at 2013-10-09 15:36:49 -0700
Served asset /application.js - 304 Not Modified (1ms)


Started GET "/assets/jquery_ujs.js?body=1" for 127.0.0.1 at 2013-10-09 15:36:49 -0700
Served asset /jquery_ujs.js - 304 Not Modified (0ms)


Started GET "/movies?sort=release_date" for 127.0.0.1 at 2013-10-09 15:36:51 -0700
Processing by MoviesController#index as HTML
  Parameters: {"sort"=>"release_date"}
  [1m[36mMovie Load (2.2ms)[0m  [1mSELECT "movies".* FROM "movies" [0m
  Rendered movies/index.html.haml within layouts/application (12.5ms)
Completed 200 OK in 32ms (Views: 24.4ms | ActiveRecord: 2.2ms)


Started GET "/assets/application.css?body=1" for 127.0.0.1 at 2013-10-09 15:36:51 -0700
Served asset /application.css - 304 Not Modified (0ms)


Started GET "/assets/jquery_ujs.js?body=1" for 127.0.0.1 at 2013-10-09 15:36:51 -0700
Served asset /jquery_ujs.js - 304 Not Modified (0ms)


Started GET "/assets/jquery.js?body=1" for 127.0.0.1 at 2013-10-09 15:36:51 -0700
Served asset /jquery.js - 304 Not Modified (4ms)


Started GET "/assets/application.js?body=1" for 127.0.0.1 at 2013-10-09 15:36:51 -0700
Served asset /application.js - 304 Not Modified (10ms)


Started GET "/movies?sort=title" for 127.0.0.1 at 2013-10-09 15:36:56 -0700
Processing by MoviesController#index as HTML
  Parameters: {"sort"=>"title"}
  [1m[35mMovie Load (0.4ms)[0m  SELECT "movies".* FROM "movies" ORDER BY title
  Rendered movies/index.html.haml within layouts/application (7.1ms)
Completed 200 OK in 19ms (Views: 18.6ms | ActiveRecord: 0.4ms)


Started GET "/assets/application.css?body=1" for 127.0.0.1 at 2013-10-09 15:36:56 -0700
Served asset /application.css - 304 Not Modified (14ms)


Started GET "/assets/jquery.js?body=1" for 127.0.0.1 at 2013-10-09 15:36:56 -0700
Served asset /jquery.js - 304 Not Modified (1ms)


Started GET "/assets/application.js?body=1" for 127.0.0.1 at 2013-10-09 15:36:56 -0700
Served asset /application.js - 304 Not Modified (8ms)


Started GET "/assets/jquery_ujs.js?body=1" for 127.0.0.1 at 2013-10-09 15:36:56 -0700
Served asset /jquery_ujs.js - 304 Not Modified (0ms)


Started GET "/movies?sort=release_date" for 127.0.0.1 at 2013-10-09 15:36:57 -0700
Processing by MoviesController#index as HTML
  Parameters: {"sort"=>"release_date"}
  [1m[36mMovie Load (0.4ms)[0m  [1mSELECT "movies".* FROM "movies" [0m
  Rendered movies/index.html.haml within layouts/application (14.5ms)
Completed 200 OK in 23ms (Views: 22.2ms | ActiveRecord: 0.4ms)


Started GET "/assets/application.css?body=1" for 127.0.0.1 at 2013-10-09 15:36:57 -0700
Served asset /application.css - 304 Not Modified (0ms)


Started GET "/assets/jquery.js?body=1" for 127.0.0.1 at 2013-10-09 15:36:57 -0700
Served asset /jquery.js - 304 Not Modified (3ms)


Started GET "/assets/application.js?body=1" for 127.0.0.1 at 2013-10-09 15:36:57 -0700
Served asset /application.js - 304 Not Modified (1ms)


Started GET "/assets/jquery_ujs.js?body=1" for 127.0.0.1 at 2013-10-09 15:36:57 -0700
Served asset /jquery_ujs.js - 304 Not Modified (0ms)


Started GET "/movies?sort=title" for 127.0.0.1 at 2013-10-09 15:38:13 -0700
Processing by MoviesController#index as HTML
  Parameters: {"sort"=>"title"}
  [1m[35mMovie Load (0.8ms)[0m  SELECT "movies".* FROM "movies" ORDER BY title
  Rendered movies/index.html.haml within layouts/application (22.3ms)
Completed 200 OK in 83ms (Views: 81.2ms | ActiveRecord: 0.8ms)


Started GET "/assets/application.css?body=1" for 127.0.0.1 at 2013-10-09 15:38:14 -0700
Served asset /application.css - 304 Not Modified (0ms)


Started GET "/assets/jquery.js?body=1" for 127.0.0.1 at 2013-10-09 15:38:14 -0700
Served asset /jquery.js - 304 Not Modified (6ms)


Started GET "/assets/jquery_ujs.js?body=1" for 127.0.0.1 at 2013-10-09 15:38:14 -0700
Served asset /jquery_ujs.js - 304 Not Modified (0ms)


Started GET "/assets/application.js?body=1" for 127.0.0.1 at 2013-10-09 15:38:14 -0700
Served asset /application.js - 304 Not Modified (1ms)


Started GET "/movies?sort=release_date" for 127.0.0.1 at 2013-10-09 15:38:16 -0700
Processing by MoviesController#index as HTML
  Parameters: {"sort"=>"release_date"}
  [1m[36mMovie Load (0.5ms)[0m  [1mSELECT "movies".* FROM "movies" ORDER BY release_date[0m
  Rendered movies/index.html.haml within layouts/application (19.6ms)
Completed 200 OK in 35ms (Views: 33.9ms | ActiveRecord: 0.5ms)


Started GET "/assets/application.css?body=1" for 127.0.0.1 at 2013-10-09 15:38:16 -0700
Served asset /application.css - 304 Not Modified (0ms)


Started GET "/assets/jquery.js?body=1" for 127.0.0.1 at 2013-10-09 15:38:16 -0700
Served asset /jquery.js - 304 Not Modified (1ms)


Started GET "/assets/jquery_ujs.js?body=1" for 127.0.0.1 at 2013-10-09 15:38:16 -0700
Served asset /jquery_ujs.js - 304 Not Modified (0ms)


Started GET "/assets/application.js?body=1" for 127.0.0.1 at 2013-10-09 15:38:16 -0700
Served asset /application.js - 304 Not Modified (1ms)


Started GET "/movies?sort=title" for 127.0.0.1 at 2013-10-09 15:38:25 -0700
Processing by MoviesController#index as HTML
  Parameters: {"sort"=>"title"}
  [1m[35mMovie Load (0.4ms)[0m  SELECT "movies".* FROM "movies" ORDER BY title
  Rendered movies/index.html.haml within layouts/application (18.9ms)
Completed 200 OK in 31ms (Views: 30.0ms | ActiveRecord: 0.4ms)


Started GET "/assets/application.css?body=1" for 127.0.0.1 at 2013-10-09 15:38:25 -0700
Served asset /application.css - 304 Not Modified (0ms)


Started GET "/assets/jquery_ujs.js?body=1" for 127.0.0.1 at 2013-10-09 15:38:25 -0700
Served asset /jquery_ujs.js - 304 Not Modified (0ms)


Started GET "/assets/application.js?body=1" for 127.0.0.1 at 2013-10-09 15:38:25 -0700
Served asset /application.js - 304 Not Modified (1ms)


Started GET "/assets/jquery.js?body=1" for 127.0.0.1 at 2013-10-09 15:38:25 -0700
Served asset /jquery.js - 304 Not Modified (1ms)


Started GET "/movies?sort=release_date" for 127.0.0.1 at 2013-10-09 15:38:27 -0700
Processing by MoviesController#index as HTML
  Parameters: {"sort"=>"release_date"}
  [1m[36mMovie Load (0.4ms)[0m  [1mSELECT "movies".* FROM "movies" ORDER BY release_date[0m
  Rendered movies/index.html.haml within layouts/application (17.9ms)
Completed 200 OK in 25ms (Views: 24.8ms | ActiveRecord: 0.4ms)


Started GET "/assets/application.css?body=1" for 127.0.0.1 at 2013-10-09 15:38:27 -0700
Served asset /application.css - 304 Not Modified (0ms)


Started GET "/assets/jquery_ujs.js?body=1" for 127.0.0.1 at 2013-10-09 15:38:27 -0700
Served asset /jquery_ujs.js - 304 Not Modified (0ms)


Started GET "/assets/jquery.js?body=1" for 127.0.0.1 at 2013-10-09 15:38:27 -0700
Served asset /jquery.js - 304 Not Modified (0ms)


Started GET "/assets/application.js?body=1" for 127.0.0.1 at 2013-10-09 15:38:27 -0700
Served asset /application.js - 304 Not Modified (1ms)


Started GET "/movies?sort=title" for 127.0.0.1 at 2013-10-09 15:39:51 -0700
Processing by MoviesController#index as HTML
  Parameters: {"sort"=>"title"}
  [1m[35mMovie Load (0.4ms)[0m  SELECT "movies".* FROM "movies" ORDER BY title
  Rendered movies/index.html.haml within layouts/application (6.2ms)
Completed 200 OK in 19ms (Views: 18.3ms | ActiveRecord: 0.4ms)


Started GET "/assets/application.css?body=1" for 127.0.0.1 at 2013-10-09 15:39:52 -0700
Served asset /application.css - 304 Not Modified (0ms)


Started GET "/assets/application.js?body=1" for 127.0.0.1 at 2013-10-09 15:39:52 -0700
Served asset /application.js - 304 Not Modified (19ms)


Started GET "/assets/jquery_ujs.js?body=1" for 127.0.0.1 at 2013-10-09 15:39:52 -0700
Served asset /jquery_ujs.js - 304 Not Modified (7ms)


Started GET "/assets/jquery.js?body=1" for 127.0.0.1 at 2013-10-09 15:39:52 -0700
Served asset /jquery.js - 304 Not Modified (1ms)


Started GET "/movies?sort=release_date" for 127.0.0.1 at 2013-10-09 15:39:55 -0700
Processing by MoviesController#index as HTML
  Parameters: {"sort"=>"release_date"}
  [1m[36mMovie Load (0.4ms)[0m  [1mSELECT "movies".* FROM "movies" ORDER BY release_date[0m
  Rendered movies/index.html.haml within layouts/application (11.6ms)
Completed 200 OK in 20ms (Views: 19.6ms | ActiveRecord: 0.4ms)


Started GET "/assets/application.css?body=1" for 127.0.0.1 at 2013-10-09 15:39:55 -0700
Served asset /application.css - 304 Not Modified (0ms)


Started GET "/assets/jquery_ujs.js?body=1" for 127.0.0.1 at 2013-10-09 15:39:55 -0700
Served asset /jquery_ujs.js - 304 Not Modified (0ms)


Started GET "/assets/jquery.js?body=1" for 127.0.0.1 at 2013-10-09 15:39:55 -0700
Served asset /jquery.js - 304 Not Modified (0ms)


Started GET "/assets/application.js?body=1" for 127.0.0.1 at 2013-10-09 15:39:55 -0700
Served asset /application.js - 304 Not Modified (1ms)


Started GET "/movies?sort=title" for 127.0.0.1 at 2013-10-09 15:39:57 -0700
Processing by MoviesController#index as HTML
  Parameters: {"sort"=>"title"}
  [1m[35mMovie Load (0.5ms)[0m  SELECT "movies".* FROM "movies" ORDER BY title
  Rendered movies/index.html.haml within layouts/application (7.1ms)
Completed 200 OK in 17ms (Views: 16.1ms | ActiveRecord: 0.5ms)


Started GET "/assets/jquery.js?body=1" for 127.0.0.1 at 2013-10-09 15:39:57 -0700
Served asset /jquery.js - 304 Not Modified (9ms)


Started GET "/assets/application.css?body=1" for 127.0.0.1 at 2013-10-09 15:39:57 -0700
Served asset /application.css - 304 Not Modified (0ms)


Started GET "/assets/jquery_ujs.js?body=1" for 127.0.0.1 at 2013-10-09 15:39:57 -0700
Served asset /jquery_ujs.js - 304 Not Modified (0ms)


Started GET "/assets/application.js?body=1" for 127.0.0.1 at 2013-10-09 15:39:57 -0700
Served asset /application.js - 304 Not Modified (7ms)
